{"/home/irfiyanda/Documents/api-manajemen-karyawan/server.js": {"path":"/home/irfiyanda/Documents/api-manajemen-karyawan/server.js","statementMap":{"0":{"start":{"line":1,"column":12},"end":{"line":1,"column":32}},"1":{"start":{"line":2,"column":16},"end":{"line":2,"column":34}},"2":{"start":{"line":3,"column":17},"end":{"line":3,"column":36}},"3":{"start":{"line":4,"column":18},"end":{"line":4,"column":52}},"4":{"start":{"line":5,"column":22},"end":{"line":5,"column":60}},"5":{"start":{"line":6,"column":20},"end":{"line":6,"column":56}},"6":{"start":{"line":7,"column":18},"end":{"line":7,"column":52}},"7":{"start":{"line":8,"column":22},"end":{"line":8,"column":60}},"8":{"start":{"line":9,"column":19},"end":{"line":9,"column":41}},"9":{"start":{"line":10,"column":13},"end":{"line":10,"column":57}},"10":{"start":{"line":11,"column":0},"end":{"line":11,"column":27}},"11":{"start":{"line":15,"column":19},"end":{"line":15,"column":38}},"12":{"start":{"line":16,"column":19},"end":{"line":16,"column":38}},"13":{"start":{"line":17,"column":19},"end":{"line":17,"column":38}},"14":{"start":{"line":18,"column":4},"end":{"line":18,"column":56}},"15":{"start":{"line":19,"column":4},"end":{"line":19,"column":31}},"16":{"start":{"line":21,"column":4},"end":{"line":27,"column":10}},"17":{"start":{"line":23,"column":12},"end":{"line":23,"column":46}},"18":{"start":{"line":26,"column":12},"end":{"line":26,"column":28}},"19":{"start":{"line":29,"column":4},"end":{"line":29,"column":40}},"20":{"start":{"line":30,"column":4},"end":{"line":30,"column":48}},"21":{"start":{"line":31,"column":4},"end":{"line":31,"column":44}},"22":{"start":{"line":32,"column":4},"end":{"line":32,"column":48}},"23":{"start":{"line":33,"column":4},"end":{"line":33,"column":32}},"24":{"start":{"line":35,"column":4},"end":{"line":35,"column":14}},"25":{"start":{"line":38,"column":0},"end":{"line":40,"column":1}}},"fnMap":{"0":{"name":"server","decl":{"start":{"line":14,"column":9},"end":{"line":14,"column":15}},"loc":{"start":{"line":14,"column":18},"end":{"line":36,"column":1}},"line":14},"1":{"name":"(anonymous_1)","decl":{"start":{"line":22,"column":14},"end":{"line":22,"column":15}},"loc":{"start":{"line":22,"column":20},"end":{"line":24,"column":9}},"line":22},"2":{"name":"(anonymous_2)","decl":{"start":{"line":25,"column":15},"end":{"line":25,"column":16}},"loc":{"start":{"line":25,"column":24},"end":{"line":27,"column":9}},"line":25}},"branchMap":{},"s":{"0":1,"1":1,"2":1,"3":1,"4":1,"5":1,"6":1,"7":1,"8":1,"9":1,"10":1,"11":1,"12":1,"13":1,"14":1,"15":1,"16":1,"17":1,"18":0,"19":1,"20":1,"21":1,"22":1,"23":1,"24":1,"25":1},"f":{"0":1,"1":1,"2":0},"b":{},"_coverageSchema":"1a1c01bbd47fc00a2c39e90264f33305004495a9","hash":"846958b5aed32bbf76624b645b6b876521ec85a4"}
,"/home/irfiyanda/Documents/api-manajemen-karyawan/src/application/controllers/division-controller.js": {"path":"/home/irfiyanda/Documents/api-manajemen-karyawan/src/application/controllers/division-controller.js","statementMap":{"0":{"start":{"line":1,"column":17},"end":{"line":1,"column":49}},"1":{"start":{"line":3,"column":15},"end":{"line":31,"column":1}},"2":{"start":{"line":11,"column":6},"end":{"line":11,"column":14}},"3":{"start":{"line":12,"column":15},"end":{"line":19,"column":3}},"4":{"start":{"line":20,"column":2},"end":{"line":30,"column":3}},"5":{"start":{"line":21,"column":21},"end":{"line":21,"column":39}},"6":{"start":{"line":22,"column":16},"end":{"line":22,"column":50}},"7":{"start":{"line":23,"column":4},"end":{"line":27,"column":7}},"8":{"start":{"line":29,"column":4},"end":{"line":29,"column":51}},"9":{"start":{"line":33,"column":15},"end":{"line":67,"column":1}},"10":{"start":{"line":34,"column":17},"end":{"line":34,"column":27}},"11":{"start":{"line":42,"column":6},"end":{"line":42,"column":14}},"12":{"start":{"line":43,"column":15},"end":{"line":50,"column":3}},"13":{"start":{"line":51,"column":2},"end":{"line":66,"column":3}},"14":{"start":{"line":52,"column":19},"end":{"line":52,"column":46}},"15":{"start":{"line":53,"column":4},"end":{"line":55,"column":5}},"16":{"start":{"line":54,"column":6},"end":{"line":54,"column":63}},"17":{"start":{"line":56,"column":16},"end":{"line":56,"column":73}},"18":{"start":{"line":58,"column":4},"end":{"line":62,"column":7}},"19":{"start":{"line":64,"column":4},"end":{"line":64,"column":29}},"20":{"start":{"line":65,"column":4},"end":{"line":65,"column":51}},"21":{"start":{"line":69,"column":16},"end":{"line":85,"column":1}},"22":{"start":{"line":70,"column":17},"end":{"line":70,"column":27}},"23":{"start":{"line":72,"column":2},"end":{"line":84,"column":3}},"24":{"start":{"line":73,"column":16},"end":{"line":73,"column":43}},"25":{"start":{"line":74,"column":4},"end":{"line":76,"column":5}},"26":{"start":{"line":75,"column":6},"end":{"line":75,"column":63}},"27":{"start":{"line":77,"column":4},"end":{"line":77,"column":41}},"28":{"start":{"line":78,"column":4},"end":{"line":81,"column":7}},"29":{"start":{"line":83,"column":4},"end":{"line":83,"column":51}},"30":{"start":{"line":87,"column":12},"end":{"line":98,"column":1}},"31":{"start":{"line":88,"column":2},"end":{"line":97,"column":3}},"32":{"start":{"line":89,"column":16},"end":{"line":89,"column":37}},"33":{"start":{"line":90,"column":4},"end":{"line":94,"column":7}},"34":{"start":{"line":96,"column":4},"end":{"line":96,"column":51}},"35":{"start":{"line":100,"column":16},"end":{"line":117,"column":1}},"36":{"start":{"line":101,"column":17},"end":{"line":101,"column":27}},"37":{"start":{"line":103,"column":2},"end":{"line":116,"column":3}},"38":{"start":{"line":104,"column":19},"end":{"line":104,"column":46}},"39":{"start":{"line":105,"column":4},"end":{"line":107,"column":5}},"40":{"start":{"line":106,"column":6},"end":{"line":106,"column":63}},"41":{"start":{"line":108,"column":16},"end":{"line":108,"column":43}},"42":{"start":{"line":109,"column":4},"end":{"line":113,"column":7}},"43":{"start":{"line":115,"column":4},"end":{"line":115,"column":51}},"44":{"start":{"line":119,"column":0},"end":{"line":125,"column":2}}},"fnMap":{"0":{"name":"(anonymous_0)","decl":{"start":{"line":3,"column":15},"end":{"line":3,"column":16}},"loc":{"start":{"line":3,"column":35},"end":{"line":31,"column":1}},"line":3},"1":{"name":"(anonymous_1)","decl":{"start":{"line":33,"column":15},"end":{"line":33,"column":16}},"loc":{"start":{"line":33,"column":35},"end":{"line":67,"column":1}},"line":33},"2":{"name":"(anonymous_2)","decl":{"start":{"line":69,"column":16},"end":{"line":69,"column":17}},"loc":{"start":{"line":69,"column":36},"end":{"line":85,"column":1}},"line":69},"3":{"name":"(anonymous_3)","decl":{"start":{"line":87,"column":12},"end":{"line":87,"column":13}},"loc":{"start":{"line":87,"column":32},"end":{"line":98,"column":1}},"line":87},"4":{"name":"(anonymous_4)","decl":{"start":{"line":100,"column":16},"end":{"line":100,"column":17}},"loc":{"start":{"line":100,"column":36},"end":{"line":117,"column":1}},"line":100}},"branchMap":{"0":{"loc":{"start":{"line":53,"column":4},"end":{"line":55,"column":5}},"type":"if","locations":[{"start":{"line":53,"column":4},"end":{"line":55,"column":5}},{"start":{},"end":{}}],"line":53},"1":{"loc":{"start":{"line":74,"column":4},"end":{"line":76,"column":5}},"type":"if","locations":[{"start":{"line":74,"column":4},"end":{"line":76,"column":5}},{"start":{},"end":{}}],"line":74},"2":{"loc":{"start":{"line":105,"column":4},"end":{"line":107,"column":5}},"type":"if","locations":[{"start":{"line":105,"column":4},"end":{"line":107,"column":5}},{"start":{},"end":{}}],"line":105}},"s":{"0":1,"1":1,"2":0,"3":0,"4":0,"5":0,"6":0,"7":0,"8":0,"9":1,"10":0,"11":0,"12":0,"13":0,"14":0,"15":0,"16":0,"17":0,"18":0,"19":0,"20":0,"21":1,"22":0,"23":0,"24":0,"25":0,"26":0,"27":0,"28":0,"29":0,"30":1,"31":0,"32":0,"33":0,"34":0,"35":1,"36":0,"37":0,"38":0,"39":0,"40":0,"41":0,"42":0,"43":0,"44":1},"f":{"0":0,"1":0,"2":0,"3":0,"4":0},"b":{"0":[0,0],"1":[0,0],"2":[0,0]},"_coverageSchema":"1a1c01bbd47fc00a2c39e90264f33305004495a9","hash":"867e08ed2919ab88ccc2efca3afbadb5e798948d"}
,"/home/irfiyanda/Documents/api-manajemen-karyawan/src/application/controllers/login-controller.js": {"path":"/home/irfiyanda/Documents/api-manajemen-karyawan/src/application/controllers/login-controller.js","statementMap":{"0":{"start":{"line":1,"column":16},"end":{"line":1,"column":34}},"1":{"start":{"line":2,"column":12},"end":{"line":2,"column":35}},"2":{"start":{"line":3,"column":15},"end":{"line":3,"column":34}},"3":{"start":{"line":4,"column":13},"end":{"line":4,"column":41}},"4":{"start":{"line":5,"column":36},"end":{"line":5,"column":64}},"5":{"start":{"line":6,"column":0},"end":{"line":6,"column":27}},"6":{"start":{"line":8,"column":18},"end":{"line":8,"column":40}},"7":{"start":{"line":10,"column":0},"end":{"line":49,"column":1}},"8":{"start":{"line":11,"column":19},"end":{"line":11,"column":40}},"9":{"start":{"line":12,"column":4},"end":{"line":15,"column":5}},"10":{"start":{"line":13,"column":8},"end":{"line":14,"column":42}},"11":{"start":{"line":17,"column":32},"end":{"line":17,"column":40}},"12":{"start":{"line":19,"column":4},"end":{"line":48,"column":5}},"13":{"start":{"line":20,"column":19},"end":{"line":20,"column":48}},"14":{"start":{"line":21,"column":8},"end":{"line":23,"column":9}},"15":{"start":{"line":22,"column":12},"end":{"line":22,"column":80}},"16":{"start":{"line":24,"column":24},"end":{"line":24,"column":69}},"17":{"start":{"line":26,"column":8},"end":{"line":28,"column":9}},"18":{"start":{"line":27,"column":12},"end":{"line":27,"column":80}},"19":{"start":{"line":30,"column":24},"end":{"line":35,"column":9}},"20":{"start":{"line":36,"column":8},"end":{"line":44,"column":9}},"21":{"start":{"line":41,"column":16},"end":{"line":41,"column":34}},"22":{"start":{"line":41,"column":24},"end":{"line":41,"column":34}},"23":{"start":{"line":42,"column":16},"end":{"line":42,"column":36}},"24":{"start":{"line":46,"column":8},"end":{"line":46,"column":35}},"25":{"start":{"line":47,"column":8},"end":{"line":47,"column":58}}},"fnMap":{"0":{"name":"(anonymous_0)","decl":{"start":{"line":10,"column":17},"end":{"line":10,"column":18}},"loc":{"start":{"line":10,"column":37},"end":{"line":49,"column":1}},"line":10},"1":{"name":"(anonymous_1)","decl":{"start":{"line":40,"column":12},"end":{"line":40,"column":13}},"loc":{"start":{"line":40,"column":28},"end":{"line":43,"column":13}},"line":40}},"branchMap":{"0":{"loc":{"start":{"line":12,"column":4},"end":{"line":15,"column":5}},"type":"if","locations":[{"start":{"line":12,"column":4},"end":{"line":15,"column":5}},{"start":{},"end":{}}],"line":12},"1":{"loc":{"start":{"line":21,"column":8},"end":{"line":23,"column":9}},"type":"if","locations":[{"start":{"line":21,"column":8},"end":{"line":23,"column":9}},{"start":{},"end":{}}],"line":21},"2":{"loc":{"start":{"line":26,"column":8},"end":{"line":28,"column":9}},"type":"if","locations":[{"start":{"line":26,"column":8},"end":{"line":28,"column":9}},{"start":{},"end":{}}],"line":26},"3":{"loc":{"start":{"line":41,"column":16},"end":{"line":41,"column":34}},"type":"if","locations":[{"start":{"line":41,"column":16},"end":{"line":41,"column":34}},{"start":{},"end":{}}],"line":41}},"s":{"0":1,"1":1,"2":1,"3":1,"4":1,"5":1,"6":1,"7":1,"8":3,"9":3,"10":0,"11":3,"12":3,"13":3,"14":3,"15":1,"16":2,"17":2,"18":0,"19":2,"20":2,"21":2,"22":0,"23":2,"24":0,"25":0},"f":{"0":3,"1":2},"b":{"0":[0,3],"1":[1,2],"2":[0,2],"3":[0,2]},"_coverageSchema":"1a1c01bbd47fc00a2c39e90264f33305004495a9","hash":"83a9a15f1f72f92709f382bd37999943616dbec6"}
,"/home/irfiyanda/Documents/api-manajemen-karyawan/src/application/controllers/logout-controller.js": {"path":"/home/irfiyanda/Documents/api-manajemen-karyawan/src/application/controllers/logout-controller.js","statementMap":{"0":{"start":{"line":1,"column":12},"end":{"line":1,"column":35}},"1":{"start":{"line":2,"column":0},"end":{"line":2,"column":27}},"2":{"start":{"line":4,"column":18},"end":{"line":4,"column":40}},"3":{"start":{"line":6,"column":0},"end":{"line":23,"column":1}},"4":{"start":{"line":7,"column":18},"end":{"line":7,"column":44}},"5":{"start":{"line":9,"column":4},"end":{"line":11,"column":5}},"6":{"start":{"line":10,"column":8},"end":{"line":10,"column":84}},"7":{"start":{"line":13,"column":4},"end":{"line":22,"column":5}},"8":{"start":{"line":14,"column":24},"end":{"line":14,"column":52}},"9":{"start":{"line":15,"column":27},"end":{"line":15,"column":38}},"10":{"start":{"line":16,"column":8},"end":{"line":16,"column":50}},"11":{"start":{"line":17,"column":29},"end":{"line":17,"column":57}},"12":{"start":{"line":19,"column":8},"end":{"line":19,"column":51}},"13":{"start":{"line":21,"column":8},"end":{"line":21,"column":60}}},"fnMap":{"0":{"name":"(anonymous_0)","decl":{"start":{"line":6,"column":17},"end":{"line":6,"column":18}},"loc":{"start":{"line":6,"column":31},"end":{"line":23,"column":1}},"line":6}},"branchMap":{"0":{"loc":{"start":{"line":9,"column":4},"end":{"line":11,"column":5}},"type":"if","locations":[{"start":{"line":9,"column":4},"end":{"line":11,"column":5}},{"start":{},"end":{}}],"line":9}},"s":{"0":1,"1":1,"2":1,"3":1,"4":0,"5":0,"6":0,"7":0,"8":0,"9":0,"10":0,"11":0,"12":0,"13":0},"f":{"0":0},"b":{"0":[0,0]},"_coverageSchema":"1a1c01bbd47fc00a2c39e90264f33305004495a9","hash":"283f475a9b7ed7829f311cf84a64477e267db1e0"}
,"/home/irfiyanda/Documents/api-manajemen-karyawan/src/application/controllers/salary-controller.js": {"path":"/home/irfiyanda/Documents/api-manajemen-karyawan/src/application/controllers/salary-controller.js","statementMap":{"0":{"start":{"line":1,"column":17},"end":{"line":1,"column":36}},"1":{"start":{"line":2,"column":15},"end":{"line":2,"column":45}},"2":{"start":{"line":3,"column":13},"end":{"line":3,"column":41}},"3":{"start":{"line":4,"column":19},"end":{"line":4,"column":40}},"4":{"start":{"line":5,"column":0},"end":{"line":5,"column":26}},"5":{"start":{"line":7,"column":14},"end":{"line":7,"column":31}},"6":{"start":{"line":8,"column":17},"end":{"line":8,"column":37}},"7":{"start":{"line":10,"column":25},"end":{"line":16,"column":2}},"8":{"start":{"line":18,"column":15},"end":{"line":67,"column":1}},"9":{"start":{"line":28,"column":6},"end":{"line":28,"column":14}},"10":{"start":{"line":29,"column":2},"end":{"line":66,"column":3}},"11":{"start":{"line":30,"column":19},"end":{"line":39,"column":6}},"12":{"start":{"line":40,"column":17},"end":{"line":40,"column":49}},"13":{"start":{"line":41,"column":22},"end":{"line":41,"column":32}},"14":{"start":{"line":42,"column":16},"end":{"line":42,"column":48}},"15":{"start":{"line":43,"column":24},"end":{"line":49,"column":5}},"16":{"start":{"line":50,"column":4},"end":{"line":58,"column":5}},"17":{"start":{"line":51,"column":6},"end":{"line":57,"column":8}},"18":{"start":{"line":52,"column":8},"end":{"line":56,"column":9}},"19":{"start":{"line":53,"column":10},"end":{"line":53,"column":20}},"20":{"start":{"line":55,"column":10},"end":{"line":55,"column":65}},"21":{"start":{"line":59,"column":4},"end":{"line":63,"column":6}},"22":{"start":{"line":65,"column":4},"end":{"line":65,"column":49}},"23":{"start":{"line":69,"column":15},"end":{"line":107,"column":1}},"24":{"start":{"line":70,"column":17},"end":{"line":70,"column":27}},"25":{"start":{"line":80,"column":6},"end":{"line":80,"column":14}},"26":{"start":{"line":81,"column":2},"end":{"line":106,"column":3}},"27":{"start":{"line":82,"column":22},"end":{"line":91,"column":5}},"28":{"start":{"line":92,"column":16},"end":{"line":96,"column":5}},"29":{"start":{"line":98,"column":4},"end":{"line":102,"column":6}},"30":{"start":{"line":104,"column":4},"end":{"line":104,"column":29}},"31":{"start":{"line":105,"column":4},"end":{"line":105,"column":51}},"32":{"start":{"line":109,"column":16},"end":{"line":125,"column":1}},"33":{"start":{"line":110,"column":17},"end":{"line":110,"column":27}},"34":{"start":{"line":111,"column":19},"end":{"line":111,"column":44}},"35":{"start":{"line":112,"column":2},"end":{"line":114,"column":3}},"36":{"start":{"line":113,"column":4},"end":{"line":113,"column":62}},"37":{"start":{"line":116,"column":2},"end":{"line":124,"column":3}},"38":{"start":{"line":117,"column":16},"end":{"line":117,"column":56}},"39":{"start":{"line":118,"column":4},"end":{"line":121,"column":6}},"40":{"start":{"line":123,"column":4},"end":{"line":123,"column":51}},"41":{"start":{"line":127,"column":12},"end":{"line":139,"column":1}},"42":{"start":{"line":128,"column":2},"end":{"line":138,"column":3}},"43":{"start":{"line":129,"column":4},"end":{"line":129,"column":25}},"44":{"start":{"line":130,"column":16},"end":{"line":130,"column":35}},"45":{"start":{"line":131,"column":4},"end":{"line":135,"column":6}},"46":{"start":{"line":137,"column":4},"end":{"line":137,"column":50}},"47":{"start":{"line":141,"column":16},"end":{"line":153,"column":1}},"48":{"start":{"line":142,"column":17},"end":{"line":142,"column":27}},"49":{"start":{"line":143,"column":2},"end":{"line":152,"column":3}},"50":{"start":{"line":144,"column":16},"end":{"line":144,"column":41}},"51":{"start":{"line":145,"column":4},"end":{"line":149,"column":6}},"52":{"start":{"line":151,"column":4},"end":{"line":151,"column":50}},"53":{"start":{"line":155,"column":0},"end":{"line":161,"column":1}}},"fnMap":{"0":{"name":"(anonymous_0)","decl":{"start":{"line":18,"column":15},"end":{"line":18,"column":16}},"loc":{"start":{"line":18,"column":35},"end":{"line":67,"column":1}},"line":18},"1":{"name":"(anonymous_1)","decl":{"start":{"line":51,"column":45},"end":{"line":51,"column":46}},"loc":{"start":{"line":51,"column":64},"end":{"line":57,"column":7}},"line":51},"2":{"name":"(anonymous_2)","decl":{"start":{"line":69,"column":15},"end":{"line":69,"column":16}},"loc":{"start":{"line":69,"column":35},"end":{"line":107,"column":1}},"line":69},"3":{"name":"(anonymous_3)","decl":{"start":{"line":109,"column":16},"end":{"line":109,"column":17}},"loc":{"start":{"line":109,"column":36},"end":{"line":125,"column":1}},"line":109},"4":{"name":"(anonymous_4)","decl":{"start":{"line":127,"column":12},"end":{"line":127,"column":13}},"loc":{"start":{"line":127,"column":32},"end":{"line":139,"column":1}},"line":127},"5":{"name":"(anonymous_5)","decl":{"start":{"line":141,"column":16},"end":{"line":141,"column":17}},"loc":{"start":{"line":141,"column":36},"end":{"line":153,"column":1}},"line":141}},"branchMap":{"0":{"loc":{"start":{"line":50,"column":4},"end":{"line":58,"column":5}},"type":"if","locations":[{"start":{"line":50,"column":4},"end":{"line":58,"column":5}},{"start":{},"end":{}}],"line":50},"1":{"loc":{"start":{"line":52,"column":8},"end":{"line":56,"column":9}},"type":"if","locations":[{"start":{"line":52,"column":8},"end":{"line":56,"column":9}},{"start":{"line":54,"column":15},"end":{"line":56,"column":9}}],"line":52},"2":{"loc":{"start":{"line":112,"column":2},"end":{"line":114,"column":3}},"type":"if","locations":[{"start":{"line":112,"column":2},"end":{"line":114,"column":3}},{"start":{},"end":{}}],"line":112}},"s":{"0":1,"1":1,"2":1,"3":1,"4":1,"5":1,"6":1,"7":1,"8":1,"9":0,"10":0,"11":0,"12":0,"13":0,"14":0,"15":0,"16":0,"17":0,"18":0,"19":0,"20":0,"21":0,"22":0,"23":1,"24":0,"25":0,"26":0,"27":0,"28":0,"29":0,"30":0,"31":0,"32":1,"33":0,"34":0,"35":0,"36":0,"37":0,"38":0,"39":0,"40":0,"41":1,"42":0,"43":0,"44":0,"45":0,"46":0,"47":1,"48":0,"49":0,"50":0,"51":0,"52":0,"53":1},"f":{"0":0,"1":0,"2":0,"3":0,"4":0,"5":0},"b":{"0":[0,0],"1":[0,0],"2":[0,0]},"_coverageSchema":"1a1c01bbd47fc00a2c39e90264f33305004495a9","hash":"02ee0b24deb93b3a801b283d23cc049f66b4747a"}
,"/home/irfiyanda/Documents/api-manajemen-karyawan/src/application/controllers/user-controller.js": {"path":"/home/irfiyanda/Documents/api-manajemen-karyawan/src/application/controllers/user-controller.js","statementMap":{"0":{"start":{"line":1,"column":17},"end":{"line":1,"column":36}},"1":{"start":{"line":2,"column":13},"end":{"line":2,"column":41}},"2":{"start":{"line":3,"column":15},"end":{"line":3,"column":34}},"3":{"start":{"line":5,"column":15},"end":{"line":45,"column":1}},"4":{"start":{"line":18,"column":6},"end":{"line":18,"column":14}},"5":{"start":{"line":19,"column":2},"end":{"line":44,"column":3}},"6":{"start":{"line":20,"column":20},"end":{"line":32,"column":6}},"7":{"start":{"line":33,"column":17},"end":{"line":33,"column":41}},"8":{"start":{"line":34,"column":4},"end":{"line":34,"column":57}},"9":{"start":{"line":35,"column":4},"end":{"line":35,"column":25}},"10":{"start":{"line":36,"column":4},"end":{"line":36,"column":32}},"11":{"start":{"line":37,"column":4},"end":{"line":41,"column":6}},"12":{"start":{"line":43,"column":4},"end":{"line":43,"column":53}},"13":{"start":{"line":47,"column":15},"end":{"line":58,"column":1}},"14":{"start":{"line":48,"column":2},"end":{"line":57,"column":3}},"15":{"start":{"line":49,"column":16},"end":{"line":49,"column":33}},"16":{"start":{"line":50,"column":4},"end":{"line":54,"column":6}},"17":{"start":{"line":56,"column":4},"end":{"line":56,"column":50}},"18":{"start":{"line":60,"column":12},"end":{"line":72,"column":1}},"19":{"start":{"line":61,"column":17},"end":{"line":61,"column":27}},"20":{"start":{"line":62,"column":2},"end":{"line":71,"column":3}},"21":{"start":{"line":63,"column":16},"end":{"line":63,"column":39}},"22":{"start":{"line":64,"column":4},"end":{"line":68,"column":6}},"23":{"start":{"line":70,"column":4},"end":{"line":70,"column":50}},"24":{"start":{"line":74,"column":15},"end":{"line":123,"column":1}},"25":{"start":{"line":75,"column":17},"end":{"line":75,"column":27}},"26":{"start":{"line":76,"column":17},"end":{"line":76,"column":28}},"27":{"start":{"line":77,"column":17},"end":{"line":77,"column":25}},"28":{"start":{"line":89,"column":6},"end":{"line":89,"column":14}},"29":{"start":{"line":90,"column":2},"end":{"line":122,"column":3}},"30":{"start":{"line":91,"column":4},"end":{"line":116,"column":5}},"31":{"start":{"line":92,"column":22},"end":{"line":104,"column":7}},"32":{"start":{"line":105,"column":18},"end":{"line":109,"column":7}},"33":{"start":{"line":111,"column":6},"end":{"line":115,"column":8}},"34":{"start":{"line":117,"column":4},"end":{"line":119,"column":6}},"35":{"start":{"line":121,"column":4},"end":{"line":121,"column":51}},"36":{"start":{"line":125,"column":16},"end":{"line":141,"column":1}},"37":{"start":{"line":126,"column":17},"end":{"line":126,"column":27}},"38":{"start":{"line":127,"column":17},"end":{"line":127,"column":40}},"39":{"start":{"line":128,"column":2},"end":{"line":130,"column":3}},"40":{"start":{"line":129,"column":4},"end":{"line":129,"column":62}},"41":{"start":{"line":132,"column":2},"end":{"line":140,"column":3}},"42":{"start":{"line":133,"column":16},"end":{"line":133,"column":52}},"43":{"start":{"line":134,"column":4},"end":{"line":137,"column":6}},"44":{"start":{"line":139,"column":4},"end":{"line":139,"column":51}},"45":{"start":{"line":143,"column":0},"end":{"line":149,"column":2}}},"fnMap":{"0":{"name":"(anonymous_0)","decl":{"start":{"line":5,"column":15},"end":{"line":5,"column":16}},"loc":{"start":{"line":5,"column":35},"end":{"line":45,"column":1}},"line":5},"1":{"name":"(anonymous_1)","decl":{"start":{"line":47,"column":15},"end":{"line":47,"column":16}},"loc":{"start":{"line":47,"column":35},"end":{"line":58,"column":1}},"line":47},"2":{"name":"(anonymous_2)","decl":{"start":{"line":60,"column":12},"end":{"line":60,"column":13}},"loc":{"start":{"line":60,"column":32},"end":{"line":72,"column":1}},"line":60},"3":{"name":"(anonymous_3)","decl":{"start":{"line":74,"column":15},"end":{"line":74,"column":16}},"loc":{"start":{"line":74,"column":35},"end":{"line":123,"column":1}},"line":74},"4":{"name":"(anonymous_4)","decl":{"start":{"line":125,"column":16},"end":{"line":125,"column":17}},"loc":{"start":{"line":125,"column":36},"end":{"line":141,"column":1}},"line":125}},"branchMap":{"0":{"loc":{"start":{"line":91,"column":4},"end":{"line":116,"column":5}},"type":"if","locations":[{"start":{"line":91,"column":4},"end":{"line":116,"column":5}},{"start":{},"end":{}}],"line":91},"1":{"loc":{"start":{"line":128,"column":2},"end":{"line":130,"column":3}},"type":"if","locations":[{"start":{"line":128,"column":2},"end":{"line":130,"column":3}},{"start":{},"end":{}}],"line":128}},"s":{"0":1,"1":1,"2":1,"3":1,"4":1,"5":1,"6":1,"7":1,"8":1,"9":1,"10":1,"11":1,"12":0,"13":1,"14":0,"15":0,"16":0,"17":0,"18":1,"19":0,"20":0,"21":0,"22":0,"23":0,"24":1,"25":0,"26":0,"27":0,"28":0,"29":0,"30":0,"31":0,"32":0,"33":0,"34":0,"35":0,"36":1,"37":0,"38":0,"39":0,"40":0,"41":0,"42":0,"43":0,"44":0,"45":1},"f":{"0":1,"1":0,"2":0,"3":0,"4":0},"b":{"0":[0,0],"1":[0,0]},"_coverageSchema":"1a1c01bbd47fc00a2c39e90264f33305004495a9","hash":"3b3407b1e7843a07870ef9cd281e21a7ffcdbbf8"}
,"/home/irfiyanda/Documents/api-manajemen-karyawan/src/application/controllers/vacation-controller.js": {"path":"/home/irfiyanda/Documents/api-manajemen-karyawan/src/application/controllers/vacation-controller.js","statementMap":{"0":{"start":{"line":1,"column":17},"end":{"line":1,"column":36}},"1":{"start":{"line":2,"column":17},"end":{"line":2,"column":49}},"2":{"start":{"line":4,"column":24},"end":{"line":15,"column":1}},"3":{"start":{"line":5,"column":2},"end":{"line":14,"column":3}},"4":{"start":{"line":6,"column":16},"end":{"line":6,"column":37}},"5":{"start":{"line":7,"column":4},"end":{"line":11,"column":6}},"6":{"start":{"line":13,"column":4},"end":{"line":13,"column":50}},"7":{"start":{"line":17,"column":24},"end":{"line":29,"column":1}},"8":{"start":{"line":18,"column":17},"end":{"line":18,"column":27}},"9":{"start":{"line":19,"column":2},"end":{"line":28,"column":3}},"10":{"start":{"line":20,"column":16},"end":{"line":20,"column":43}},"11":{"start":{"line":21,"column":4},"end":{"line":25,"column":6}},"12":{"start":{"line":27,"column":4},"end":{"line":27,"column":50}},"13":{"start":{"line":31,"column":23},"end":{"line":64,"column":1}},"14":{"start":{"line":42,"column":6},"end":{"line":42,"column":14}},"15":{"start":{"line":43,"column":2},"end":{"line":63,"column":3}},"16":{"start":{"line":44,"column":24},"end":{"line":54,"column":6}},"17":{"start":{"line":55,"column":4},"end":{"line":55,"column":29}},"18":{"start":{"line":56,"column":4},"end":{"line":60,"column":6}},"19":{"start":{"line":62,"column":4},"end":{"line":62,"column":51}},"20":{"start":{"line":66,"column":23},"end":{"line":106,"column":1}},"21":{"start":{"line":67,"column":17},"end":{"line":67,"column":27}},"22":{"start":{"line":78,"column":6},"end":{"line":78,"column":14}},"23":{"start":{"line":79,"column":2},"end":{"line":105,"column":3}},"24":{"start":{"line":80,"column":24},"end":{"line":90,"column":5}},"25":{"start":{"line":91,"column":16},"end":{"line":95,"column":5}},"26":{"start":{"line":97,"column":4},"end":{"line":101,"column":6}},"27":{"start":{"line":103,"column":4},"end":{"line":103,"column":29}},"28":{"start":{"line":104,"column":4},"end":{"line":104,"column":51}},"29":{"start":{"line":108,"column":23},"end":{"line":124,"column":1}},"30":{"start":{"line":109,"column":17},"end":{"line":109,"column":27}},"31":{"start":{"line":110,"column":21},"end":{"line":110,"column":48}},"32":{"start":{"line":111,"column":2},"end":{"line":113,"column":3}},"33":{"start":{"line":112,"column":4},"end":{"line":112,"column":62}},"34":{"start":{"line":115,"column":2},"end":{"line":123,"column":3}},"35":{"start":{"line":116,"column":16},"end":{"line":116,"column":60}},"36":{"start":{"line":117,"column":4},"end":{"line":120,"column":6}},"37":{"start":{"line":122,"column":4},"end":{"line":122,"column":51}},"38":{"start":{"line":126,"column":0},"end":{"line":132,"column":2}}},"fnMap":{"0":{"name":"(anonymous_0)","decl":{"start":{"line":4,"column":24},"end":{"line":4,"column":25}},"loc":{"start":{"line":4,"column":44},"end":{"line":15,"column":1}},"line":4},"1":{"name":"(anonymous_1)","decl":{"start":{"line":17,"column":24},"end":{"line":17,"column":25}},"loc":{"start":{"line":17,"column":44},"end":{"line":29,"column":1}},"line":17},"2":{"name":"(anonymous_2)","decl":{"start":{"line":31,"column":23},"end":{"line":31,"column":24}},"loc":{"start":{"line":31,"column":43},"end":{"line":64,"column":1}},"line":31},"3":{"name":"(anonymous_3)","decl":{"start":{"line":66,"column":23},"end":{"line":66,"column":24}},"loc":{"start":{"line":66,"column":43},"end":{"line":106,"column":1}},"line":66},"4":{"name":"(anonymous_4)","decl":{"start":{"line":108,"column":23},"end":{"line":108,"column":24}},"loc":{"start":{"line":108,"column":43},"end":{"line":124,"column":1}},"line":108}},"branchMap":{"0":{"loc":{"start":{"line":111,"column":2},"end":{"line":113,"column":3}},"type":"if","locations":[{"start":{"line":111,"column":2},"end":{"line":113,"column":3}},{"start":{},"end":{}}],"line":111}},"s":{"0":1,"1":1,"2":1,"3":0,"4":0,"5":0,"6":0,"7":1,"8":0,"9":0,"10":0,"11":0,"12":0,"13":1,"14":0,"15":0,"16":0,"17":0,"18":0,"19":0,"20":1,"21":0,"22":0,"23":0,"24":0,"25":0,"26":0,"27":0,"28":0,"29":1,"30":0,"31":0,"32":0,"33":0,"34":0,"35":0,"36":0,"37":0,"38":1},"f":{"0":0,"1":0,"2":0,"3":0,"4":0},"b":{"0":[0,0]},"_coverageSchema":"1a1c01bbd47fc00a2c39e90264f33305004495a9","hash":"7e94d78726c8daee7a96a2a42260fbd4f3606e73"}
,"/home/irfiyanda/Documents/api-manajemen-karyawan/src/application/middleware/auth.js": {"path":"/home/irfiyanda/Documents/api-manajemen-karyawan/src/application/middleware/auth.js","statementMap":{"0":{"start":{"line":1,"column":12},"end":{"line":1,"column":35}},"1":{"start":{"line":2,"column":0},"end":{"line":2,"column":27}},"2":{"start":{"line":4,"column":18},"end":{"line":4,"column":40}},"3":{"start":{"line":6,"column":0},"end":{"line":24,"column":1}},"4":{"start":{"line":7,"column":8},"end":{"line":23,"column":5}},"5":{"start":{"line":8,"column":22},"end":{"line":8,"column":48}},"6":{"start":{"line":10,"column":8},"end":{"line":13,"column":9}},"7":{"start":{"line":11,"column":12},"end":{"line":12,"column":79}},"8":{"start":{"line":14,"column":8},"end":{"line":22,"column":9}},"9":{"start":{"line":15,"column":28},"end":{"line":15,"column":56}},"10":{"start":{"line":16,"column":12},"end":{"line":16,"column":36}},"11":{"start":{"line":18,"column":12},"end":{"line":18,"column":18}},"12":{"start":{"line":20,"column":12},"end":{"line":21,"column":54}}},"fnMap":{"0":{"name":"(anonymous_0)","decl":{"start":{"line":6,"column":17},"end":{"line":6,"column":18}},"loc":{"start":{"line":6,"column":23},"end":{"line":24,"column":1}},"line":6},"1":{"name":"(anonymous_1)","decl":{"start":{"line":7,"column":14},"end":{"line":7,"column":15}},"loc":{"start":{"line":7,"column":34},"end":{"line":23,"column":5}},"line":7}},"branchMap":{"0":{"loc":{"start":{"line":10,"column":8},"end":{"line":13,"column":9}},"type":"if","locations":[{"start":{"line":10,"column":8},"end":{"line":13,"column":9}},{"start":{},"end":{}}],"line":10}},"s":{"0":1,"1":1,"2":1,"3":1,"4":4,"5":3,"6":3,"7":1,"8":2,"9":2,"10":2,"11":2,"12":0},"f":{"0":4,"1":3},"b":{"0":[1,2]},"_coverageSchema":"1a1c01bbd47fc00a2c39e90264f33305004495a9","hash":"becdf55c73780f984c6e934940ab9dc422e16974"}
,"/home/irfiyanda/Documents/api-manajemen-karyawan/src/application/middleware/checkRole.js": {"path":"/home/irfiyanda/Documents/api-manajemen-karyawan/src/application/middleware/checkRole.js","statementMap":{"0":{"start":{"line":1,"column":0},"end":{"line":8,"column":1}},"1":{"start":{"line":2,"column":4},"end":{"line":7,"column":5}},"2":{"start":{"line":3,"column":8},"end":{"line":5,"column":9}},"3":{"start":{"line":4,"column":12},"end":{"line":4,"column":25}},"4":{"start":{"line":6,"column":8},"end":{"line":6,"column":94}}},"fnMap":{"0":{"name":"(anonymous_0)","decl":{"start":{"line":1,"column":17},"end":{"line":1,"column":18}},"loc":{"start":{"line":1,"column":28},"end":{"line":8,"column":1}},"line":1},"1":{"name":"(anonymous_1)","decl":{"start":{"line":2,"column":11},"end":{"line":2,"column":12}},"loc":{"start":{"line":2,"column":37},"end":{"line":7,"column":5}},"line":2}},"branchMap":{"0":{"loc":{"start":{"line":3,"column":8},"end":{"line":5,"column":9}},"type":"if","locations":[{"start":{"line":3,"column":8},"end":{"line":5,"column":9}},{"start":{},"end":{}}],"line":3}},"s":{"0":1,"1":5,"2":2,"3":1,"4":1},"f":{"0":5,"1":2},"b":{"0":[1,1]},"_coverageSchema":"1a1c01bbd47fc00a2c39e90264f33305004495a9","hash":"1a05fa1a0c8edad71bac32d84c32cd5fac0a6dc4"}
,"/home/irfiyanda/Documents/api-manajemen-karyawan/src/models/Division.js": {"path":"/home/irfiyanda/Documents/api-manajemen-karyawan/src/models/Division.js","statementMap":{"0":{"start":{"line":1,"column":17},"end":{"line":1,"column":36}},"1":{"start":{"line":3,"column":23},"end":{"line":30,"column":2}},"2":{"start":{"line":32,"column":17},"end":{"line":32,"column":59}},"3":{"start":{"line":34,"column":0},"end":{"line":34,"column":26}}},"fnMap":{},"branchMap":{},"s":{"0":1,"1":1,"2":1,"3":1},"f":{},"b":{},"_coverageSchema":"1a1c01bbd47fc00a2c39e90264f33305004495a9","hash":"5b8cd407f56765bb9a645497e4eadd27684d2fb4"}
,"/home/irfiyanda/Documents/api-manajemen-karyawan/src/models/Salary.js": {"path":"/home/irfiyanda/Documents/api-manajemen-karyawan/src/models/Salary.js","statementMap":{"0":{"start":{"line":1,"column":17},"end":{"line":1,"column":36}},"1":{"start":{"line":3,"column":21},"end":{"line":38,"column":2}},"2":{"start":{"line":40,"column":15},"end":{"line":40,"column":53}},"3":{"start":{"line":41,"column":0},"end":{"line":41,"column":24}}},"fnMap":{},"branchMap":{},"s":{"0":1,"1":1,"2":1,"3":1},"f":{},"b":{},"_coverageSchema":"1a1c01bbd47fc00a2c39e90264f33305004495a9","hash":"8a8801aef9a142208129ebb582a44cace85b7598"}
,"/home/irfiyanda/Documents/api-manajemen-karyawan/src/models/User.js": {"path":"/home/irfiyanda/Documents/api-manajemen-karyawan/src/models/User.js","statementMap":{"0":{"start":{"line":1,"column":17},"end":{"line":1,"column":36}},"1":{"start":{"line":3,"column":19},"end":{"line":44,"column":2}},"2":{"start":{"line":46,"column":13},"end":{"line":46,"column":47}},"3":{"start":{"line":48,"column":0},"end":{"line":48,"column":22}}},"fnMap":{},"branchMap":{},"s":{"0":1,"1":1,"2":1,"3":1},"f":{},"b":{},"_coverageSchema":"1a1c01bbd47fc00a2c39e90264f33305004495a9","hash":"4ab00694b742e552950b60a670e9200910f9ad58"}
,"/home/irfiyanda/Documents/api-manajemen-karyawan/src/models/Vacation.js": {"path":"/home/irfiyanda/Documents/api-manajemen-karyawan/src/models/Vacation.js","statementMap":{"0":{"start":{"line":1,"column":17},"end":{"line":1,"column":36}},"1":{"start":{"line":3,"column":23},"end":{"line":37,"column":2}},"2":{"start":{"line":39,"column":17},"end":{"line":39,"column":59}},"3":{"start":{"line":40,"column":0},"end":{"line":40,"column":26}}},"fnMap":{},"branchMap":{},"s":{"0":1,"1":1,"2":1,"3":1},"f":{},"b":{},"_coverageSchema":"1a1c01bbd47fc00a2c39e90264f33305004495a9","hash":"2d15f94f7578913b6bb03ce3e96ce2716f3615e5"}
,"/home/irfiyanda/Documents/api-manajemen-karyawan/src/routes/auth-route.js": {"path":"/home/irfiyanda/Documents/api-manajemen-karyawan/src/routes/auth-route.js","statementMap":{"0":{"start":{"line":1,"column":36},"end":{"line":1,"column":64}},"1":{"start":{"line":2,"column":15},"end":{"line":2,"column":42}},"2":{"start":{"line":3,"column":24},"end":{"line":3,"column":78}},"3":{"start":{"line":4,"column":25},"end":{"line":4,"column":80}},"4":{"start":{"line":6,"column":0},"end":{"line":9,"column":19}},"5":{"start":{"line":11,"column":0},"end":{"line":11,"column":40}},"6":{"start":{"line":13,"column":0},"end":{"line":13,"column":24}}},"fnMap":{},"branchMap":{},"s":{"0":1,"1":1,"2":1,"3":1,"4":1,"5":1,"6":1},"f":{},"b":{},"_coverageSchema":"1a1c01bbd47fc00a2c39e90264f33305004495a9","hash":"569ecd780913a226313cc2239d4721653146b5e6"}
,"/home/irfiyanda/Documents/api-manajemen-karyawan/src/routes/division-route.js": {"path":"/home/irfiyanda/Documents/api-manajemen-karyawan/src/routes/division-route.js","statementMap":{"0":{"start":{"line":1,"column":14},"end":{"line":1,"column":41}},"1":{"start":{"line":2,"column":27},"end":{"line":2,"column":84}},"2":{"start":{"line":3,"column":18},"end":{"line":3,"column":64}},"3":{"start":{"line":5,"column":0},"end":{"line":5,"column":69}},"4":{"start":{"line":6,"column":0},"end":{"line":6,"column":39}},"5":{"start":{"line":7,"column":0},"end":{"line":7,"column":46}},"6":{"start":{"line":8,"column":0},"end":{"line":8,"column":71}},"7":{"start":{"line":9,"column":0},"end":{"line":9,"column":75}},"8":{"start":{"line":11,"column":0},"end":{"line":11,"column":23}}},"fnMap":{},"branchMap":{},"s":{"0":1,"1":1,"2":1,"3":1,"4":1,"5":1,"6":1,"7":1,"8":1},"f":{},"b":{},"_coverageSchema":"1a1c01bbd47fc00a2c39e90264f33305004495a9","hash":"3eccbf3e5dc4555b508778b469cdcfdd9fb1e6e6"}
,"/home/irfiyanda/Documents/api-manajemen-karyawan/src/routes/salary-route.js": {"path":"/home/irfiyanda/Documents/api-manajemen-karyawan/src/routes/salary-route.js","statementMap":{"0":{"start":{"line":1,"column":14},"end":{"line":1,"column":41}},"1":{"start":{"line":2,"column":25},"end":{"line":2,"column":80}},"2":{"start":{"line":4,"column":0},"end":{"line":4,"column":41}},"3":{"start":{"line":5,"column":0},"end":{"line":5,"column":37}},"4":{"start":{"line":6,"column":0},"end":{"line":6,"column":44}},"5":{"start":{"line":7,"column":0},"end":{"line":7,"column":43}},"6":{"start":{"line":8,"column":0},"end":{"line":8,"column":47}},"7":{"start":{"line":10,"column":0},"end":{"line":10,"column":23}}},"fnMap":{},"branchMap":{},"s":{"0":1,"1":1,"2":1,"3":1,"4":1,"5":1,"6":1,"7":1},"f":{},"b":{},"_coverageSchema":"1a1c01bbd47fc00a2c39e90264f33305004495a9","hash":"25895fdaab4aa747a9f9b15f8f4cc8ca110f907c"}
,"/home/irfiyanda/Documents/api-manajemen-karyawan/src/routes/user-route.js": {"path":"/home/irfiyanda/Documents/api-manajemen-karyawan/src/routes/user-route.js","statementMap":{"0":{"start":{"line":1,"column":14},"end":{"line":1,"column":41}},"1":{"start":{"line":2,"column":23},"end":{"line":2,"column":76}},"2":{"start":{"line":3,"column":18},"end":{"line":3,"column":64}},"3":{"start":{"line":5,"column":0},"end":{"line":5,"column":38}},"4":{"start":{"line":6,"column":0},"end":{"line":6,"column":38}},"5":{"start":{"line":7,"column":0},"end":{"line":7,"column":58}},"6":{"start":{"line":8,"column":0},"end":{"line":8,"column":38}},"7":{"start":{"line":9,"column":0},"end":{"line":9,"column":64}},"8":{"start":{"line":11,"column":0},"end":{"line":11,"column":23}}},"fnMap":{},"branchMap":{},"s":{"0":1,"1":1,"2":1,"3":1,"4":1,"5":1,"6":1,"7":1,"8":1},"f":{},"b":{},"_coverageSchema":"1a1c01bbd47fc00a2c39e90264f33305004495a9","hash":"57d1649c8e84c8c43cbfd831aa66fddb9176b2b9"}
,"/home/irfiyanda/Documents/api-manajemen-karyawan/src/routes/vacation-route.js": {"path":"/home/irfiyanda/Documents/api-manajemen-karyawan/src/routes/vacation-route.js","statementMap":{"0":{"start":{"line":1,"column":14},"end":{"line":1,"column":41}},"1":{"start":{"line":2,"column":27},"end":{"line":2,"column":84}},"2":{"start":{"line":4,"column":0},"end":{"line":4,"column":59}},"3":{"start":{"line":6,"column":0},"end":{"line":6,"column":59}},"4":{"start":{"line":8,"column":0},"end":{"line":8,"column":63}},"5":{"start":{"line":10,"column":0},"end":{"line":10,"column":62}},"6":{"start":{"line":12,"column":0},"end":{"line":12,"column":65}},"7":{"start":{"line":14,"column":0},"end":{"line":14,"column":23}}},"fnMap":{},"branchMap":{},"s":{"0":1,"1":1,"2":1,"3":1,"4":1,"5":1,"6":1,"7":1},"f":{},"b":{},"_coverageSchema":"1a1c01bbd47fc00a2c39e90264f33305004495a9","hash":"dac6fe08e7336fe43678f570cbbb4c7e9ef94956"}
,"/home/irfiyanda/Documents/api-manajemen-karyawan/tests/app.js": {"path":"/home/irfiyanda/Documents/api-manajemen-karyawan/tests/app.js","statementMap":{"0":{"start":{"line":1,"column":19},"end":{"line":1,"column":39}},"1":{"start":{"line":3,"column":12},"end":{"line":3,"column":20}},"2":{"start":{"line":4,"column":0},"end":{"line":6,"column":1}}},"fnMap":{},"branchMap":{},"s":{"0":1,"1":1,"2":1},"f":{},"b":{},"_coverageSchema":"1a1c01bbd47fc00a2c39e90264f33305004495a9","hash":"87111f22be917698b7783830e12145634b1dfc5c"}
,"/home/irfiyanda/Documents/api-manajemen-karyawan/tests/fixtures/users.js": {"path":"/home/irfiyanda/Documents/api-manajemen-karyawan/tests/fixtures/users.js","statementMap":{"0":{"start":{"line":1,"column":13},"end":{"line":1,"column":45}},"1":{"start":{"line":2,"column":15},"end":{"line":2,"column":34}},"2":{"start":{"line":4,"column":16},"end":{"line":16,"column":1}},"3":{"start":{"line":19,"column":4},"end":{"line":19,"column":34}},"4":{"start":{"line":23,"column":15},"end":{"line":33,"column":6}},"5":{"start":{"line":34,"column":17},"end":{"line":34,"column":41}},"6":{"start":{"line":35,"column":4},"end":{"line":35,"column":55}},"7":{"start":{"line":36,"column":4},"end":{"line":36,"column":14}},"8":{"start":{"line":40,"column":19},"end":{"line":50,"column":4}},"9":{"start":{"line":51,"column":15},"end":{"line":51,"column":39}},"10":{"start":{"line":52,"column":2},"end":{"line":52,"column":65}},"11":{"start":{"line":53,"column":2},"end":{"line":53,"column":18}},"12":{"start":{"line":57,"column":21},"end":{"line":67,"column":4}},"13":{"start":{"line":68,"column":15},"end":{"line":68,"column":39}},"14":{"start":{"line":69,"column":2},"end":{"line":69,"column":69}},"15":{"start":{"line":70,"column":2},"end":{"line":70,"column":20}},"16":{"start":{"line":74,"column":4},"end":{"line":74,"column":29}},"17":{"start":{"line":77,"column":0},"end":{"line":84,"column":1}}},"fnMap":{"0":{"name":"insertManyUsers","decl":{"start":{"line":18,"column":15},"end":{"line":18,"column":30}},"loc":{"start":{"line":18,"column":33},"end":{"line":20,"column":1}},"line":18},"1":{"name":"insertHrUser","decl":{"start":{"line":22,"column":15},"end":{"line":22,"column":27}},"loc":{"start":{"line":22,"column":30},"end":{"line":37,"column":1}},"line":22},"2":{"name":"insertEmployeeUser","decl":{"start":{"line":39,"column":15},"end":{"line":39,"column":33}},"loc":{"start":{"line":39,"column":36},"end":{"line":54,"column":1}},"line":39},"3":{"name":"insertSupervisorUser","decl":{"start":{"line":56,"column":15},"end":{"line":56,"column":35}},"loc":{"start":{"line":56,"column":38},"end":{"line":71,"column":1}},"line":56},"4":{"name":"deleteManyUsers","decl":{"start":{"line":73,"column":15},"end":{"line":73,"column":30}},"loc":{"start":{"line":73,"column":33},"end":{"line":75,"column":1}},"line":73}},"branchMap":{},"s":{"0":1,"1":1,"2":1,"3":0,"4":1,"5":1,"6":1,"7":1,"8":1,"9":1,"10":1,"11":1,"12":0,"13":0,"14":0,"15":0,"16":2,"17":1},"f":{"0":0,"1":1,"2":1,"3":0,"4":2},"b":{},"_coverageSchema":"1a1c01bbd47fc00a2c39e90264f33305004495a9","hash":"9cd6b7766542dd6efe461de52d3900f7df63e426"}
}
