{"/home/irfiyanda/Documents/api-manajemen-karyawan/server.js": {"path":"/home/irfiyanda/Documents/api-manajemen-karyawan/server.js","statementMap":{"0":{"start":{"line":1,"column":16},"end":{"line":1,"column":34}},"1":{"start":{"line":2,"column":17},"end":{"line":2,"column":36}},"2":{"start":{"line":3,"column":18},"end":{"line":3,"column":52}},"3":{"start":{"line":4,"column":22},"end":{"line":4,"column":60}},"4":{"start":{"line":5,"column":20},"end":{"line":5,"column":56}},"5":{"start":{"line":6,"column":18},"end":{"line":6,"column":52}},"6":{"start":{"line":7,"column":22},"end":{"line":7,"column":60}},"7":{"start":{"line":8,"column":24},"end":{"line":8,"column":64}},"8":{"start":{"line":9,"column":28},"end":{"line":9,"column":72}},"9":{"start":{"line":10,"column":19},"end":{"line":10,"column":41}},"10":{"start":{"line":11,"column":13},"end":{"line":11,"column":57}},"11":{"start":{"line":12,"column":13},"end":{"line":12,"column":31}},"12":{"start":{"line":13,"column":18},"end":{"line":13,"column":47}},"13":{"start":{"line":14,"column":11},"end":{"line":14,"column":24}},"14":{"start":{"line":15,"column":13},"end":{"line":15,"column":28}},"15":{"start":{"line":16,"column":0},"end":{"line":16,"column":27}},"16":{"start":{"line":20,"column":16},"end":{"line":20,"column":25}},"17":{"start":{"line":21,"column":4},"end":{"line":25,"column":6}},"18":{"start":{"line":26,"column":19},"end":{"line":26,"column":38}},"19":{"start":{"line":27,"column":19},"end":{"line":27,"column":38}},"20":{"start":{"line":28,"column":19},"end":{"line":28,"column":38}},"21":{"start":{"line":29,"column":4},"end":{"line":29,"column":56}},"22":{"start":{"line":30,"column":4},"end":{"line":30,"column":31}},"23":{"start":{"line":32,"column":4},"end":{"line":38,"column":10}},"24":{"start":{"line":34,"column":12},"end":{"line":34,"column":46}},"25":{"start":{"line":37,"column":12},"end":{"line":37,"column":28}},"26":{"start":{"line":40,"column":28},"end":{"line":42,"column":5}},"27":{"start":{"line":44,"column":4},"end":{"line":44,"column":40}},"28":{"start":{"line":45,"column":4},"end":{"line":45,"column":48}},"29":{"start":{"line":46,"column":4},"end":{"line":46,"column":44}},"30":{"start":{"line":47,"column":4},"end":{"line":47,"column":48}},"31":{"start":{"line":48,"column":4},"end":{"line":48,"column":32}},"32":{"start":{"line":49,"column":4},"end":{"line":49,"column":52}},"33":{"start":{"line":50,"column":4},"end":{"line":50,"column":61}},"34":{"start":{"line":51,"column":4},"end":{"line":51,"column":76}},"35":{"start":{"line":52,"column":4},"end":{"line":52,"column":14}},"36":{"start":{"line":55,"column":0},"end":{"line":57,"column":1}}},"fnMap":{"0":{"name":"server","decl":{"start":{"line":19,"column":9},"end":{"line":19,"column":15}},"loc":{"start":{"line":19,"column":18},"end":{"line":53,"column":1}},"line":19},"1":{"name":"(anonymous_1)","decl":{"start":{"line":33,"column":14},"end":{"line":33,"column":15}},"loc":{"start":{"line":33,"column":20},"end":{"line":35,"column":9}},"line":33},"2":{"name":"(anonymous_2)","decl":{"start":{"line":36,"column":15},"end":{"line":36,"column":16}},"loc":{"start":{"line":36,"column":24},"end":{"line":38,"column":9}},"line":36}},"branchMap":{},"s":{"0":1,"1":1,"2":1,"3":1,"4":1,"5":1,"6":1,"7":1,"8":1,"9":1,"10":1,"11":1,"12":1,"13":1,"14":1,"15":1,"16":1,"17":1,"18":1,"19":1,"20":1,"21":1,"22":1,"23":1,"24":1,"25":0,"26":1,"27":1,"28":1,"29":1,"30":1,"31":1,"32":1,"33":1,"34":1,"35":1,"36":1},"f":{"0":1,"1":1,"2":0},"b":{},"_coverageSchema":"1a1c01bbd47fc00a2c39e90264f33305004495a9","hash":"d099c9952795eaa87b6eeb93888708d2d0d73863"}
,"/home/irfiyanda/Documents/api-manajemen-karyawan/src/application/controllers/attendance-controller.js": {"path":"/home/irfiyanda/Documents/api-manajemen-karyawan/src/application/controllers/attendance-controller.js","statementMap":{"0":{"start":{"line":1,"column":19},"end":{"line":1,"column":53}},"1":{"start":{"line":2,"column":13},"end":{"line":2,"column":41}},"2":{"start":{"line":3,"column":15},"end":{"line":3,"column":32}},"3":{"start":{"line":4,"column":97},"end":{"line":4,"column":135}},"4":{"start":{"line":6,"column":15},"end":{"line":17,"column":1}},"5":{"start":{"line":7,"column":24},"end":{"line":7,"column":35}},"6":{"start":{"line":9,"column":17},"end":{"line":14,"column":5}},"7":{"start":{"line":15,"column":21},"end":{"line":15,"column":46}},"8":{"start":{"line":16,"column":4},"end":{"line":16,"column":46}},"9":{"start":{"line":19,"column":15},"end":{"line":23,"column":1}},"10":{"start":{"line":20,"column":24},"end":{"line":20,"column":35}},"11":{"start":{"line":21,"column":21},"end":{"line":21,"column":56}},"12":{"start":{"line":22,"column":4},"end":{"line":22,"column":46}},"13":{"start":{"line":25,"column":16},"end":{"line":29,"column":1}},"14":{"start":{"line":26,"column":19},"end":{"line":26,"column":29}},"15":{"start":{"line":27,"column":21},"end":{"line":27,"column":47}},"16":{"start":{"line":28,"column":4},"end":{"line":28,"column":46}},"17":{"start":{"line":31,"column":12},"end":{"line":34,"column":1}},"18":{"start":{"line":32,"column":21},"end":{"line":32,"column":44}},"19":{"start":{"line":33,"column":4},"end":{"line":33,"column":46}},"20":{"start":{"line":36,"column":16},"end":{"line":40,"column":1}},"21":{"start":{"line":37,"column":19},"end":{"line":37,"column":29}},"22":{"start":{"line":38,"column":21},"end":{"line":38,"column":44}},"23":{"start":{"line":39,"column":4},"end":{"line":39,"column":46}},"24":{"start":{"line":42,"column":18},"end":{"line":46,"column":1}},"25":{"start":{"line":43,"column":24},"end":{"line":43,"column":37}},"26":{"start":{"line":44,"column":21},"end":{"line":44,"column":59}},"27":{"start":{"line":45,"column":4},"end":{"line":45,"column":46}},"28":{"start":{"line":47,"column":0},"end":{"line":54,"column":1}}},"fnMap":{"0":{"name":"(anonymous_0)","decl":{"start":{"line":6,"column":15},"end":{"line":6,"column":16}},"loc":{"start":{"line":6,"column":35},"end":{"line":17,"column":1}},"line":6},"1":{"name":"(anonymous_1)","decl":{"start":{"line":19,"column":15},"end":{"line":19,"column":16}},"loc":{"start":{"line":19,"column":35},"end":{"line":23,"column":1}},"line":19},"2":{"name":"(anonymous_2)","decl":{"start":{"line":25,"column":16},"end":{"line":25,"column":17}},"loc":{"start":{"line":25,"column":36},"end":{"line":29,"column":1}},"line":25},"3":{"name":"(anonymous_3)","decl":{"start":{"line":31,"column":12},"end":{"line":31,"column":13}},"loc":{"start":{"line":31,"column":32},"end":{"line":34,"column":1}},"line":31},"4":{"name":"(anonymous_4)","decl":{"start":{"line":36,"column":16},"end":{"line":36,"column":17}},"loc":{"start":{"line":36,"column":36},"end":{"line":40,"column":1}},"line":36},"5":{"name":"(anonymous_5)","decl":{"start":{"line":42,"column":18},"end":{"line":42,"column":19}},"loc":{"start":{"line":42,"column":38},"end":{"line":46,"column":1}},"line":42}},"branchMap":{},"s":{"0":1,"1":1,"2":1,"3":1,"4":1,"5":0,"6":0,"7":0,"8":0,"9":1,"10":0,"11":0,"12":0,"13":1,"14":0,"15":0,"16":0,"17":1,"18":0,"19":0,"20":1,"21":0,"22":0,"23":0,"24":1,"25":0,"26":0,"27":0,"28":1},"f":{"0":0,"1":0,"2":0,"3":0,"4":0,"5":0},"b":{},"_coverageSchema":"1a1c01bbd47fc00a2c39e90264f33305004495a9","hash":"3f96469b8c81212c1a20245f88a7ab1c09065dbf"}
,"/home/irfiyanda/Documents/api-manajemen-karyawan/src/application/controllers/division-controller.js": {"path":"/home/irfiyanda/Documents/api-manajemen-karyawan/src/application/controllers/division-controller.js","statementMap":{"0":{"start":{"line":1,"column":17},"end":{"line":1,"column":49}},"1":{"start":{"line":8,"column":4},"end":{"line":8,"column":39}},"2":{"start":{"line":10,"column":15},"end":{"line":29,"column":1}},"3":{"start":{"line":18,"column":6},"end":{"line":18,"column":14}},"4":{"start":{"line":19,"column":15},"end":{"line":26,"column":3}},"5":{"start":{"line":27,"column":19},"end":{"line":27,"column":42}},"6":{"start":{"line":28,"column":2},"end":{"line":28,"column":45}},"7":{"start":{"line":31,"column":15},"end":{"line":51,"column":1}},"8":{"start":{"line":32,"column":17},"end":{"line":32,"column":27}},"9":{"start":{"line":40,"column":6},"end":{"line":40,"column":14}},"10":{"start":{"line":41,"column":15},"end":{"line":48,"column":3}},"11":{"start":{"line":49,"column":19},"end":{"line":49,"column":49}},"12":{"start":{"line":50,"column":2},"end":{"line":50,"column":45}},"13":{"start":{"line":53,"column":16},"end":{"line":58,"column":1}},"14":{"start":{"line":54,"column":17},"end":{"line":54,"column":27}},"15":{"start":{"line":56,"column":19},"end":{"line":56,"column":43}},"16":{"start":{"line":57,"column":2},"end":{"line":57,"column":45}},"17":{"start":{"line":60,"column":12},"end":{"line":63,"column":1}},"18":{"start":{"line":61,"column":19},"end":{"line":61,"column":40}},"19":{"start":{"line":62,"column":2},"end":{"line":62,"column":45}},"20":{"start":{"line":65,"column":16},"end":{"line":70,"column":1}},"21":{"start":{"line":66,"column":17},"end":{"line":66,"column":27}},"22":{"start":{"line":68,"column":19},"end":{"line":68,"column":40}},"23":{"start":{"line":69,"column":2},"end":{"line":69,"column":45}},"24":{"start":{"line":72,"column":0},"end":{"line":78,"column":2}}},"fnMap":{"0":{"name":"(anonymous_0)","decl":{"start":{"line":10,"column":15},"end":{"line":10,"column":16}},"loc":{"start":{"line":10,"column":35},"end":{"line":29,"column":1}},"line":10},"1":{"name":"(anonymous_1)","decl":{"start":{"line":31,"column":15},"end":{"line":31,"column":16}},"loc":{"start":{"line":31,"column":35},"end":{"line":51,"column":1}},"line":31},"2":{"name":"(anonymous_2)","decl":{"start":{"line":53,"column":16},"end":{"line":53,"column":17}},"loc":{"start":{"line":53,"column":36},"end":{"line":58,"column":1}},"line":53},"3":{"name":"(anonymous_3)","decl":{"start":{"line":60,"column":12},"end":{"line":60,"column":13}},"loc":{"start":{"line":60,"column":32},"end":{"line":63,"column":1}},"line":60},"4":{"name":"(anonymous_4)","decl":{"start":{"line":65,"column":16},"end":{"line":65,"column":17}},"loc":{"start":{"line":65,"column":36},"end":{"line":70,"column":1}},"line":65}},"branchMap":{},"s":{"0":1,"1":1,"2":1,"3":0,"4":0,"5":0,"6":0,"7":1,"8":0,"9":0,"10":0,"11":0,"12":0,"13":1,"14":0,"15":0,"16":0,"17":1,"18":0,"19":0,"20":1,"21":0,"22":0,"23":0,"24":1},"f":{"0":0,"1":0,"2":0,"3":0,"4":0},"b":{},"_coverageSchema":"1a1c01bbd47fc00a2c39e90264f33305004495a9","hash":"3a6c6f57e3620bbad3785f8764fc2bae31239169"}
,"/home/irfiyanda/Documents/api-manajemen-karyawan/src/application/controllers/employeeReview-controller.js": {"path":"/home/irfiyanda/Documents/api-manajemen-karyawan/src/application/controllers/employeeReview-controller.js","statementMap":{"0":{"start":{"line":1,"column":15},"end":{"line":1,"column":53}},"1":{"start":{"line":8,"column":4},"end":{"line":8,"column":46}},"2":{"start":{"line":10,"column":21},"end":{"line":29,"column":1}},"3":{"start":{"line":18,"column":6},"end":{"line":18,"column":14}},"4":{"start":{"line":19,"column":17},"end":{"line":26,"column":5}},"5":{"start":{"line":27,"column":21},"end":{"line":27,"column":42}},"6":{"start":{"line":28,"column":4},"end":{"line":28,"column":47}},"7":{"start":{"line":31,"column":21},"end":{"line":51,"column":3}},"8":{"start":{"line":32,"column":17},"end":{"line":32,"column":27}},"9":{"start":{"line":40,"column":6},"end":{"line":40,"column":14}},"10":{"start":{"line":41,"column":17},"end":{"line":48,"column":7}},"11":{"start":{"line":49,"column":23},"end":{"line":49,"column":48}},"12":{"start":{"line":50,"column":6},"end":{"line":50,"column":49}},"13":{"start":{"line":53,"column":21},"end":{"line":58,"column":1}},"14":{"start":{"line":54,"column":17},"end":{"line":54,"column":27}},"15":{"start":{"line":56,"column":19},"end":{"line":56,"column":42}},"16":{"start":{"line":57,"column":2},"end":{"line":57,"column":45}},"17":{"start":{"line":60,"column":22},"end":{"line":63,"column":1}},"18":{"start":{"line":61,"column":19},"end":{"line":61,"column":38}},"19":{"start":{"line":62,"column":4},"end":{"line":62,"column":47}},"20":{"start":{"line":65,"column":22},"end":{"line":70,"column":1}},"21":{"start":{"line":66,"column":17},"end":{"line":66,"column":27}},"22":{"start":{"line":68,"column":19},"end":{"line":68,"column":38}},"23":{"start":{"line":69,"column":2},"end":{"line":69,"column":45}},"24":{"start":{"line":72,"column":0},"end":{"line":78,"column":2}}},"fnMap":{"0":{"name":"(anonymous_0)","decl":{"start":{"line":10,"column":21},"end":{"line":10,"column":22}},"loc":{"start":{"line":10,"column":41},"end":{"line":29,"column":1}},"line":10},"1":{"name":"(anonymous_1)","decl":{"start":{"line":31,"column":21},"end":{"line":31,"column":22}},"loc":{"start":{"line":31,"column":41},"end":{"line":51,"column":3}},"line":31},"2":{"name":"(anonymous_2)","decl":{"start":{"line":53,"column":21},"end":{"line":53,"column":22}},"loc":{"start":{"line":53,"column":41},"end":{"line":58,"column":1}},"line":53},"3":{"name":"(anonymous_3)","decl":{"start":{"line":60,"column":22},"end":{"line":60,"column":23}},"loc":{"start":{"line":60,"column":42},"end":{"line":63,"column":1}},"line":60},"4":{"name":"(anonymous_4)","decl":{"start":{"line":65,"column":22},"end":{"line":65,"column":23}},"loc":{"start":{"line":65,"column":42},"end":{"line":70,"column":1}},"line":65}},"branchMap":{},"s":{"0":1,"1":1,"2":1,"3":0,"4":0,"5":0,"6":0,"7":1,"8":0,"9":0,"10":0,"11":0,"12":0,"13":1,"14":0,"15":0,"16":0,"17":1,"18":0,"19":0,"20":1,"21":0,"22":0,"23":0,"24":1},"f":{"0":0,"1":0,"2":0,"3":0,"4":0},"b":{},"_coverageSchema":"1a1c01bbd47fc00a2c39e90264f33305004495a9","hash":"83b46e89037c7759d263740114fdc737d7d7a72f"}
,"/home/irfiyanda/Documents/api-manajemen-karyawan/src/application/controllers/login-controller.js": {"path":"/home/irfiyanda/Documents/api-manajemen-karyawan/src/application/controllers/login-controller.js","statementMap":{"0":{"start":{"line":1,"column":16},"end":{"line":1,"column":34}},"1":{"start":{"line":2,"column":12},"end":{"line":2,"column":35}},"2":{"start":{"line":3,"column":15},"end":{"line":3,"column":34}},"3":{"start":{"line":4,"column":13},"end":{"line":4,"column":41}},"4":{"start":{"line":5,"column":36},"end":{"line":5,"column":64}},"5":{"start":{"line":6,"column":0},"end":{"line":6,"column":27}},"6":{"start":{"line":8,"column":18},"end":{"line":8,"column":40}},"7":{"start":{"line":10,"column":0},"end":{"line":49,"column":1}},"8":{"start":{"line":11,"column":19},"end":{"line":11,"column":40}},"9":{"start":{"line":12,"column":4},"end":{"line":15,"column":5}},"10":{"start":{"line":13,"column":8},"end":{"line":14,"column":42}},"11":{"start":{"line":17,"column":32},"end":{"line":17,"column":40}},"12":{"start":{"line":19,"column":4},"end":{"line":48,"column":5}},"13":{"start":{"line":20,"column":19},"end":{"line":20,"column":48}},"14":{"start":{"line":21,"column":8},"end":{"line":23,"column":9}},"15":{"start":{"line":22,"column":12},"end":{"line":22,"column":80}},"16":{"start":{"line":24,"column":24},"end":{"line":24,"column":69}},"17":{"start":{"line":26,"column":8},"end":{"line":28,"column":9}},"18":{"start":{"line":27,"column":12},"end":{"line":27,"column":80}},"19":{"start":{"line":30,"column":24},"end":{"line":35,"column":9}},"20":{"start":{"line":36,"column":8},"end":{"line":44,"column":9}},"21":{"start":{"line":41,"column":16},"end":{"line":41,"column":34}},"22":{"start":{"line":41,"column":24},"end":{"line":41,"column":34}},"23":{"start":{"line":42,"column":16},"end":{"line":42,"column":36}},"24":{"start":{"line":46,"column":8},"end":{"line":46,"column":35}},"25":{"start":{"line":47,"column":8},"end":{"line":47,"column":58}}},"fnMap":{"0":{"name":"(anonymous_0)","decl":{"start":{"line":10,"column":17},"end":{"line":10,"column":18}},"loc":{"start":{"line":10,"column":37},"end":{"line":49,"column":1}},"line":10},"1":{"name":"(anonymous_1)","decl":{"start":{"line":40,"column":12},"end":{"line":40,"column":13}},"loc":{"start":{"line":40,"column":28},"end":{"line":43,"column":13}},"line":40}},"branchMap":{"0":{"loc":{"start":{"line":12,"column":4},"end":{"line":15,"column":5}},"type":"if","locations":[{"start":{"line":12,"column":4},"end":{"line":15,"column":5}},{"start":{},"end":{}}],"line":12},"1":{"loc":{"start":{"line":21,"column":8},"end":{"line":23,"column":9}},"type":"if","locations":[{"start":{"line":21,"column":8},"end":{"line":23,"column":9}},{"start":{},"end":{}}],"line":21},"2":{"loc":{"start":{"line":26,"column":8},"end":{"line":28,"column":9}},"type":"if","locations":[{"start":{"line":26,"column":8},"end":{"line":28,"column":9}},{"start":{},"end":{}}],"line":26},"3":{"loc":{"start":{"line":41,"column":16},"end":{"line":41,"column":34}},"type":"if","locations":[{"start":{"line":41,"column":16},"end":{"line":41,"column":34}},{"start":{},"end":{}}],"line":41}},"s":{"0":1,"1":1,"2":1,"3":1,"4":1,"5":1,"6":1,"7":1,"8":3,"9":3,"10":0,"11":3,"12":3,"13":3,"14":3,"15":0,"16":3,"17":3,"18":0,"19":3,"20":3,"21":3,"22":0,"23":3,"24":0,"25":0},"f":{"0":3,"1":3},"b":{"0":[0,3],"1":[0,3],"2":[0,3],"3":[0,3]},"_coverageSchema":"1a1c01bbd47fc00a2c39e90264f33305004495a9","hash":"83a9a15f1f72f92709f382bd37999943616dbec6"}
,"/home/irfiyanda/Documents/api-manajemen-karyawan/src/application/controllers/logout-controller.js": {"path":"/home/irfiyanda/Documents/api-manajemen-karyawan/src/application/controllers/logout-controller.js","statementMap":{"0":{"start":{"line":1,"column":12},"end":{"line":1,"column":35}},"1":{"start":{"line":2,"column":0},"end":{"line":2,"column":27}},"2":{"start":{"line":4,"column":18},"end":{"line":4,"column":40}},"3":{"start":{"line":6,"column":0},"end":{"line":23,"column":1}},"4":{"start":{"line":7,"column":18},"end":{"line":7,"column":44}},"5":{"start":{"line":9,"column":4},"end":{"line":11,"column":5}},"6":{"start":{"line":10,"column":8},"end":{"line":10,"column":84}},"7":{"start":{"line":13,"column":4},"end":{"line":22,"column":5}},"8":{"start":{"line":14,"column":24},"end":{"line":14,"column":52}},"9":{"start":{"line":15,"column":27},"end":{"line":15,"column":38}},"10":{"start":{"line":16,"column":8},"end":{"line":16,"column":50}},"11":{"start":{"line":17,"column":29},"end":{"line":17,"column":57}},"12":{"start":{"line":19,"column":8},"end":{"line":19,"column":51}},"13":{"start":{"line":21,"column":8},"end":{"line":21,"column":60}}},"fnMap":{"0":{"name":"(anonymous_0)","decl":{"start":{"line":6,"column":17},"end":{"line":6,"column":18}},"loc":{"start":{"line":6,"column":31},"end":{"line":23,"column":1}},"line":6}},"branchMap":{"0":{"loc":{"start":{"line":9,"column":4},"end":{"line":11,"column":5}},"type":"if","locations":[{"start":{"line":9,"column":4},"end":{"line":11,"column":5}},{"start":{},"end":{}}],"line":9}},"s":{"0":1,"1":1,"2":1,"3":1,"4":0,"5":0,"6":0,"7":0,"8":0,"9":0,"10":0,"11":0,"12":0,"13":0},"f":{"0":0},"b":{"0":[0,0]},"_coverageSchema":"1a1c01bbd47fc00a2c39e90264f33305004495a9","hash":"283f475a9b7ed7829f311cf84a64477e267db1e0"}
,"/home/irfiyanda/Documents/api-manajemen-karyawan/src/application/controllers/salary-controller.js": {"path":"/home/irfiyanda/Documents/api-manajemen-karyawan/src/application/controllers/salary-controller.js","statementMap":{"0":{"start":{"line":1,"column":17},"end":{"line":1,"column":36}},"1":{"start":{"line":2,"column":15},"end":{"line":2,"column":45}},"2":{"start":{"line":3,"column":13},"end":{"line":3,"column":41}},"3":{"start":{"line":4,"column":74},"end":{"line":4,"column":108}},"4":{"start":{"line":6,"column":15},"end":{"line":29,"column":1}},"5":{"start":{"line":16,"column":6},"end":{"line":16,"column":14}},"6":{"start":{"line":17,"column":15},"end":{"line":26,"column":3}},"7":{"start":{"line":27,"column":19},"end":{"line":27,"column":40}},"8":{"start":{"line":28,"column":2},"end":{"line":28,"column":45}},"9":{"start":{"line":31,"column":15},"end":{"line":55,"column":1}},"10":{"start":{"line":32,"column":17},"end":{"line":32,"column":27}},"11":{"start":{"line":42,"column":6},"end":{"line":42,"column":14}},"12":{"start":{"line":43,"column":15},"end":{"line":52,"column":3}},"13":{"start":{"line":53,"column":19},"end":{"line":53,"column":47}},"14":{"start":{"line":54,"column":2},"end":{"line":54,"column":44}},"15":{"start":{"line":57,"column":16},"end":{"line":61,"column":1}},"16":{"start":{"line":58,"column":17},"end":{"line":58,"column":27}},"17":{"start":{"line":59,"column":19},"end":{"line":59,"column":41}},"18":{"start":{"line":60,"column":2},"end":{"line":60,"column":44}},"19":{"start":{"line":63,"column":12},"end":{"line":66,"column":1}},"20":{"start":{"line":64,"column":19},"end":{"line":64,"column":38}},"21":{"start":{"line":65,"column":2},"end":{"line":65,"column":44}},"22":{"start":{"line":68,"column":16},"end":{"line":72,"column":1}},"23":{"start":{"line":69,"column":17},"end":{"line":69,"column":27}},"24":{"start":{"line":70,"column":19},"end":{"line":70,"column":38}},"25":{"start":{"line":71,"column":2},"end":{"line":71,"column":45}},"26":{"start":{"line":74,"column":0},"end":{"line":80,"column":1}}},"fnMap":{"0":{"name":"(anonymous_0)","decl":{"start":{"line":6,"column":15},"end":{"line":6,"column":16}},"loc":{"start":{"line":6,"column":35},"end":{"line":29,"column":1}},"line":6},"1":{"name":"(anonymous_1)","decl":{"start":{"line":31,"column":15},"end":{"line":31,"column":16}},"loc":{"start":{"line":31,"column":35},"end":{"line":55,"column":1}},"line":31},"2":{"name":"(anonymous_2)","decl":{"start":{"line":57,"column":16},"end":{"line":57,"column":17}},"loc":{"start":{"line":57,"column":36},"end":{"line":61,"column":1}},"line":57},"3":{"name":"(anonymous_3)","decl":{"start":{"line":63,"column":12},"end":{"line":63,"column":13}},"loc":{"start":{"line":63,"column":32},"end":{"line":66,"column":1}},"line":63},"4":{"name":"(anonymous_4)","decl":{"start":{"line":68,"column":16},"end":{"line":68,"column":17}},"loc":{"start":{"line":68,"column":36},"end":{"line":72,"column":1}},"line":68}},"branchMap":{},"s":{"0":1,"1":1,"2":1,"3":1,"4":1,"5":0,"6":0,"7":0,"8":0,"9":1,"10":0,"11":0,"12":0,"13":0,"14":0,"15":1,"16":0,"17":0,"18":0,"19":1,"20":0,"21":0,"22":1,"23":0,"24":0,"25":0,"26":1},"f":{"0":0,"1":0,"2":0,"3":0,"4":0},"b":{},"_coverageSchema":"1a1c01bbd47fc00a2c39e90264f33305004495a9","hash":"14e85ff282b59d26e3a95b1fe38bccd4d1d3753c"}
,"/home/irfiyanda/Documents/api-manajemen-karyawan/src/application/controllers/user-controller.js": {"path":"/home/irfiyanda/Documents/api-manajemen-karyawan/src/application/controllers/user-controller.js","statementMap":{"0":{"start":{"line":1,"column":17},"end":{"line":1,"column":36}},"1":{"start":{"line":2,"column":13},"end":{"line":2,"column":41}},"2":{"start":{"line":3,"column":15},"end":{"line":3,"column":34}},"3":{"start":{"line":4,"column":64},"end":{"line":4,"column":96}},"4":{"start":{"line":6,"column":15},"end":{"line":35,"column":1}},"5":{"start":{"line":19,"column":6},"end":{"line":19,"column":14}},"6":{"start":{"line":20,"column":15},"end":{"line":32,"column":3}},"7":{"start":{"line":33,"column":19},"end":{"line":33,"column":38}},"8":{"start":{"line":34,"column":2},"end":{"line":34,"column":45}},"9":{"start":{"line":37,"column":15},"end":{"line":40,"column":1}},"10":{"start":{"line":38,"column":19},"end":{"line":38,"column":36}},"11":{"start":{"line":39,"column":2},"end":{"line":39,"column":45}},"12":{"start":{"line":42,"column":12},"end":{"line":46,"column":1}},"13":{"start":{"line":43,"column":17},"end":{"line":43,"column":27}},"14":{"start":{"line":44,"column":19},"end":{"line":44,"column":36}},"15":{"start":{"line":45,"column":2},"end":{"line":45,"column":45}},"16":{"start":{"line":48,"column":15},"end":{"line":79,"column":1}},"17":{"start":{"line":49,"column":17},"end":{"line":49,"column":27}},"18":{"start":{"line":50,"column":17},"end":{"line":50,"column":28}},"19":{"start":{"line":51,"column":19},"end":{"line":51,"column":27}},"20":{"start":{"line":63,"column":6},"end":{"line":63,"column":14}},"21":{"start":{"line":64,"column":15},"end":{"line":76,"column":3}},"22":{"start":{"line":77,"column":19},"end":{"line":77,"column":53}},"23":{"start":{"line":78,"column":2},"end":{"line":78,"column":45}},"24":{"start":{"line":81,"column":16},"end":{"line":85,"column":1}},"25":{"start":{"line":82,"column":17},"end":{"line":82,"column":27}},"26":{"start":{"line":83,"column":19},"end":{"line":83,"column":39}},"27":{"start":{"line":84,"column":2},"end":{"line":84,"column":45}},"28":{"start":{"line":87,"column":0},"end":{"line":93,"column":2}}},"fnMap":{"0":{"name":"(anonymous_0)","decl":{"start":{"line":6,"column":15},"end":{"line":6,"column":16}},"loc":{"start":{"line":6,"column":35},"end":{"line":35,"column":1}},"line":6},"1":{"name":"(anonymous_1)","decl":{"start":{"line":37,"column":15},"end":{"line":37,"column":16}},"loc":{"start":{"line":37,"column":35},"end":{"line":40,"column":1}},"line":37},"2":{"name":"(anonymous_2)","decl":{"start":{"line":42,"column":12},"end":{"line":42,"column":13}},"loc":{"start":{"line":42,"column":32},"end":{"line":46,"column":1}},"line":42},"3":{"name":"(anonymous_3)","decl":{"start":{"line":48,"column":15},"end":{"line":48,"column":16}},"loc":{"start":{"line":48,"column":35},"end":{"line":79,"column":1}},"line":48},"4":{"name":"(anonymous_4)","decl":{"start":{"line":81,"column":16},"end":{"line":81,"column":17}},"loc":{"start":{"line":81,"column":36},"end":{"line":85,"column":1}},"line":81}},"branchMap":{},"s":{"0":1,"1":1,"2":1,"3":1,"4":1,"5":1,"6":1,"7":1,"8":1,"9":1,"10":2,"11":2,"12":1,"13":0,"14":0,"15":0,"16":1,"17":0,"18":0,"19":0,"20":0,"21":0,"22":0,"23":0,"24":1,"25":0,"26":0,"27":0,"28":1},"f":{"0":1,"1":2,"2":0,"3":0,"4":0},"b":{},"_coverageSchema":"1a1c01bbd47fc00a2c39e90264f33305004495a9","hash":"fe071cb65180e00731a9b550e7f9599919afa8f9"}
,"/home/irfiyanda/Documents/api-manajemen-karyawan/src/application/controllers/vacation-controller.js": {"path":"/home/irfiyanda/Documents/api-manajemen-karyawan/src/application/controllers/vacation-controller.js","statementMap":{"0":{"start":{"line":1,"column":17},"end":{"line":1,"column":49}},"1":{"start":{"line":8,"column":4},"end":{"line":8,"column":40}},"2":{"start":{"line":10,"column":23},"end":{"line":33,"column":1}},"3":{"start":{"line":20,"column":6},"end":{"line":20,"column":14}},"4":{"start":{"line":21,"column":17},"end":{"line":30,"column":5}},"5":{"start":{"line":31,"column":21},"end":{"line":31,"column":44}},"6":{"start":{"line":32,"column":4},"end":{"line":32,"column":47}},"7":{"start":{"line":35,"column":23},"end":{"line":59,"column":3}},"8":{"start":{"line":36,"column":17},"end":{"line":36,"column":27}},"9":{"start":{"line":46,"column":6},"end":{"line":46,"column":14}},"10":{"start":{"line":47,"column":17},"end":{"line":56,"column":5}},"11":{"start":{"line":57,"column":21},"end":{"line":57,"column":48}},"12":{"start":{"line":58,"column":4},"end":{"line":58,"column":47}},"13":{"start":{"line":61,"column":23},"end":{"line":66,"column":5}},"14":{"start":{"line":62,"column":17},"end":{"line":62,"column":27}},"15":{"start":{"line":64,"column":23},"end":{"line":64,"column":48}},"16":{"start":{"line":65,"column":8},"end":{"line":65,"column":51}},"17":{"start":{"line":68,"column":26},"end":{"line":71,"column":1}},"18":{"start":{"line":69,"column":19},"end":{"line":69,"column":40}},"19":{"start":{"line":70,"column":4},"end":{"line":70,"column":47}},"20":{"start":{"line":73,"column":24},"end":{"line":78,"column":1}},"21":{"start":{"line":74,"column":17},"end":{"line":74,"column":27}},"22":{"start":{"line":76,"column":19},"end":{"line":76,"column":40}},"23":{"start":{"line":77,"column":2},"end":{"line":77,"column":45}},"24":{"start":{"line":80,"column":0},"end":{"line":86,"column":2}}},"fnMap":{"0":{"name":"(anonymous_0)","decl":{"start":{"line":10,"column":23},"end":{"line":10,"column":24}},"loc":{"start":{"line":10,"column":43},"end":{"line":33,"column":1}},"line":10},"1":{"name":"(anonymous_1)","decl":{"start":{"line":35,"column":23},"end":{"line":35,"column":24}},"loc":{"start":{"line":35,"column":43},"end":{"line":59,"column":3}},"line":35},"2":{"name":"(anonymous_2)","decl":{"start":{"line":61,"column":23},"end":{"line":61,"column":24}},"loc":{"start":{"line":61,"column":43},"end":{"line":66,"column":5}},"line":61},"3":{"name":"(anonymous_3)","decl":{"start":{"line":68,"column":26},"end":{"line":68,"column":27}},"loc":{"start":{"line":68,"column":46},"end":{"line":71,"column":1}},"line":68},"4":{"name":"(anonymous_4)","decl":{"start":{"line":73,"column":24},"end":{"line":73,"column":25}},"loc":{"start":{"line":73,"column":44},"end":{"line":78,"column":1}},"line":73}},"branchMap":{},"s":{"0":1,"1":1,"2":1,"3":0,"4":0,"5":0,"6":0,"7":1,"8":0,"9":0,"10":0,"11":0,"12":0,"13":1,"14":0,"15":0,"16":0,"17":1,"18":0,"19":0,"20":1,"21":0,"22":0,"23":0,"24":1},"f":{"0":0,"1":0,"2":0,"3":0,"4":0},"b":{},"_coverageSchema":"1a1c01bbd47fc00a2c39e90264f33305004495a9","hash":"0e91e1fe1270844046f95ddb75a7c8642b4884b8"}
,"/home/irfiyanda/Documents/api-manajemen-karyawan/src/application/domain/attendance.domain.js": {"path":"/home/irfiyanda/Documents/api-manajemen-karyawan/src/application/domain/attendance.domain.js","statementMap":{"0":{"start":{"line":1,"column":19},"end":{"line":1,"column":53}},"1":{"start":{"line":2,"column":15},"end":{"line":2,"column":32}},"2":{"start":{"line":5,"column":4},"end":{"line":17,"column":5}},"3":{"start":{"line":6,"column":20},"end":{"line":6,"column":43}},"4":{"start":{"line":7,"column":8},"end":{"line":11,"column":9}},"5":{"start":{"line":13,"column":8},"end":{"line":16,"column":10}},"6":{"start":{"line":21,"column":4},"end":{"line":33,"column":5}},"7":{"start":{"line":22,"column":20},"end":{"line":22,"column":49}},"8":{"start":{"line":23,"column":8},"end":{"line":27,"column":9}},"9":{"start":{"line":29,"column":8},"end":{"line":32,"column":9}},"10":{"start":{"line":37,"column":4},"end":{"line":49,"column":5}},"11":{"start":{"line":38,"column":20},"end":{"line":38,"column":49}},"12":{"start":{"line":39,"column":8},"end":{"line":43,"column":9}},"13":{"start":{"line":45,"column":8},"end":{"line":48,"column":9}},"14":{"start":{"line":53,"column":4},"end":{"line":74,"column":5}},"15":{"start":{"line":54,"column":22},"end":{"line":54,"column":51}},"16":{"start":{"line":55,"column":31},"end":{"line":55,"column":103}},"17":{"start":{"line":56,"column":8},"end":{"line":64,"column":9}},"18":{"start":{"line":57,"column":31},"end":{"line":57,"column":51}},"19":{"start":{"line":58,"column":24},"end":{"line":58,"column":60}},"20":{"start":{"line":59,"column":12},"end":{"line":63,"column":13}},"21":{"start":{"line":65,"column":8},"end":{"line":68,"column":9}},"22":{"start":{"line":70,"column":8},"end":{"line":73,"column":9}},"23":{"start":{"line":78,"column":4},"end":{"line":102,"column":5}},"24":{"start":{"line":79,"column":22},"end":{"line":79,"column":51}},"25":{"start":{"line":80,"column":27},"end":{"line":80,"column":83}},"26":{"start":{"line":81,"column":8},"end":{"line":93,"column":9}},"27":{"start":{"line":82,"column":24},"end":{"line":87,"column":29}},"28":{"start":{"line":88,"column":12},"end":{"line":92,"column":13}},"29":{"start":{"line":93,"column":10},"end":{"line":96,"column":9}},"30":{"start":{"line":98,"column":8},"end":{"line":101,"column":9}},"31":{"start":{"line":106,"column":4},"end":{"line":124,"column":5}},"32":{"start":{"line":107,"column":29},"end":{"line":107,"column":58}},"33":{"start":{"line":108,"column":8},"end":{"line":113,"column":9}},"34":{"start":{"line":109,"column":12},"end":{"line":112,"column":14}},"35":{"start":{"line":114,"column":20},"end":{"line":114,"column":68}},"36":{"start":{"line":115,"column":8},"end":{"line":118,"column":9}},"37":{"start":{"line":120,"column":8},"end":{"line":123,"column":9}},"38":{"start":{"line":127,"column":0},"end":{"line":134,"column":1}}},"fnMap":{"0":{"name":"fetchAttendance","decl":{"start":{"line":4,"column":15},"end":{"line":4,"column":30}},"loc":{"start":{"line":4,"column":33},"end":{"line":18,"column":1}},"line":4},"1":{"name":"getAttendance","decl":{"start":{"line":20,"column":15},"end":{"line":20,"column":28}},"loc":{"start":{"line":20,"column":33},"end":{"line":34,"column":1}},"line":20},"2":{"name":"getAttendanceByUser","decl":{"start":{"line":36,"column":15},"end":{"line":36,"column":34}},"loc":{"start":{"line":36,"column":39},"end":{"line":50,"column":1}},"line":36},"3":{"name":"addAttendance","decl":{"start":{"line":52,"column":15},"end":{"line":52,"column":28}},"loc":{"start":{"line":52,"column":35},"end":{"line":75,"column":1}},"line":52},"4":{"name":"updateAttendance","decl":{"start":{"line":77,"column":15},"end":{"line":77,"column":31}},"loc":{"start":{"line":77,"column":36},"end":{"line":103,"column":1}},"line":77},"5":{"name":"deleteAttendance","decl":{"start":{"line":105,"column":15},"end":{"line":105,"column":31}},"loc":{"start":{"line":105,"column":36},"end":{"line":125,"column":1}},"line":105}},"branchMap":{"0":{"loc":{"start":{"line":56,"column":8},"end":{"line":64,"column":9}},"type":"if","locations":[{"start":{"line":56,"column":8},"end":{"line":64,"column":9}},{"start":{},"end":{}}],"line":56},"1":{"loc":{"start":{"line":81,"column":8},"end":{"line":93,"column":9}},"type":"if","locations":[{"start":{"line":81,"column":8},"end":{"line":93,"column":9}},{"start":{},"end":{}}],"line":81},"2":{"loc":{"start":{"line":108,"column":8},"end":{"line":113,"column":9}},"type":"if","locations":[{"start":{"line":108,"column":8},"end":{"line":113,"column":9}},{"start":{},"end":{}}],"line":108}},"s":{"0":1,"1":1,"2":0,"3":0,"4":0,"5":0,"6":0,"7":0,"8":0,"9":0,"10":0,"11":0,"12":0,"13":0,"14":0,"15":0,"16":0,"17":0,"18":0,"19":0,"20":0,"21":0,"22":0,"23":0,"24":0,"25":0,"26":0,"27":0,"28":0,"29":0,"30":0,"31":0,"32":0,"33":0,"34":0,"35":0,"36":0,"37":0,"38":1},"f":{"0":0,"1":0,"2":0,"3":0,"4":0,"5":0},"b":{"0":[0,0],"1":[0,0],"2":[0,0]},"_coverageSchema":"1a1c01bbd47fc00a2c39e90264f33305004495a9","hash":"39527c8f79e892705825a3b01e8d12c012832044"}
,"/home/irfiyanda/Documents/api-manajemen-karyawan/src/application/domain/divison.domain.js": {"path":"/home/irfiyanda/Documents/api-manajemen-karyawan/src/application/domain/divison.domain.js","statementMap":{"0":{"start":{"line":1,"column":17},"end":{"line":1,"column":49}},"1":{"start":{"line":4,"column":2},"end":{"line":12,"column":3}},"2":{"start":{"line":5,"column":17},"end":{"line":5,"column":40}},"3":{"start":{"line":6,"column":4},"end":{"line":6,"column":71}},"4":{"start":{"line":8,"column":4},"end":{"line":11,"column":5}},"5":{"start":{"line":16,"column":2},"end":{"line":34,"column":3}},"6":{"start":{"line":17,"column":16},"end":{"line":17,"column":43}},"7":{"start":{"line":18,"column":4},"end":{"line":23,"column":5}},"8":{"start":{"line":19,"column":6},"end":{"line":22,"column":10}},"9":{"start":{"line":24,"column":4},"end":{"line":28,"column":6}},"10":{"start":{"line":30,"column":4},"end":{"line":33,"column":5}},"11":{"start":{"line":38,"column":2},"end":{"line":49,"column":3}},"12":{"start":{"line":39,"column":16},"end":{"line":39,"column":52}},"13":{"start":{"line":40,"column":4},"end":{"line":42,"column":5}},"14":{"start":{"line":41,"column":6},"end":{"line":41,"column":60}},"15":{"start":{"line":43,"column":4},"end":{"line":43,"column":67}},"16":{"start":{"line":45,"column":4},"end":{"line":48,"column":5}},"17":{"start":{"line":53,"column":2},"end":{"line":66,"column":3}},"18":{"start":{"line":54,"column":21},"end":{"line":54,"column":39}},"19":{"start":{"line":55,"column":16},"end":{"line":55,"column":50}},"20":{"start":{"line":56,"column":4},"end":{"line":60,"column":6}},"21":{"start":{"line":62,"column":4},"end":{"line":65,"column":6}},"22":{"start":{"line":70,"column":2},"end":{"line":85,"column":3}},"23":{"start":{"line":71,"column":16},"end":{"line":71,"column":73}},"24":{"start":{"line":72,"column":4},"end":{"line":74,"column":5}},"25":{"start":{"line":73,"column":6},"end":{"line":73,"column":59}},"26":{"start":{"line":75,"column":4},"end":{"line":79,"column":5}},"27":{"start":{"line":81,"column":4},"end":{"line":84,"column":5}},"28":{"start":{"line":88,"column":0},"end":{"line":94,"column":2}}},"fnMap":{"0":{"name":"fetchDivision","decl":{"start":{"line":3,"column":15},"end":{"line":3,"column":28}},"loc":{"start":{"line":3,"column":31},"end":{"line":13,"column":1}},"line":3},"1":{"name":"getDivision","decl":{"start":{"line":15,"column":15},"end":{"line":15,"column":26}},"loc":{"start":{"line":15,"column":31},"end":{"line":35,"column":1}},"line":15},"2":{"name":"deleteDivision","decl":{"start":{"line":37,"column":15},"end":{"line":37,"column":29}},"loc":{"start":{"line":37,"column":33},"end":{"line":50,"column":1}},"line":37},"3":{"name":"addDivision","decl":{"start":{"line":52,"column":15},"end":{"line":52,"column":26}},"loc":{"start":{"line":52,"column":32},"end":{"line":67,"column":1}},"line":52},"4":{"name":"updateDivision","decl":{"start":{"line":69,"column":15},"end":{"line":69,"column":29}},"loc":{"start":{"line":69,"column":39},"end":{"line":86,"column":1}},"line":69}},"branchMap":{"0":{"loc":{"start":{"line":18,"column":4},"end":{"line":23,"column":5}},"type":"if","locations":[{"start":{"line":18,"column":4},"end":{"line":23,"column":5}},{"start":{},"end":{}}],"line":18},"1":{"loc":{"start":{"line":40,"column":4},"end":{"line":42,"column":5}},"type":"if","locations":[{"start":{"line":40,"column":4},"end":{"line":42,"column":5}},{"start":{},"end":{}}],"line":40},"2":{"loc":{"start":{"line":72,"column":4},"end":{"line":74,"column":5}},"type":"if","locations":[{"start":{"line":72,"column":4},"end":{"line":74,"column":5}},{"start":{},"end":{}}],"line":72}},"s":{"0":1,"1":0,"2":0,"3":0,"4":0,"5":0,"6":0,"7":0,"8":0,"9":0,"10":0,"11":0,"12":0,"13":0,"14":0,"15":0,"16":0,"17":0,"18":0,"19":0,"20":0,"21":0,"22":0,"23":0,"24":0,"25":0,"26":0,"27":0,"28":1},"f":{"0":0,"1":0,"2":0,"3":0,"4":0},"b":{"0":[0,0],"1":[0,0],"2":[0,0]},"_coverageSchema":"1a1c01bbd47fc00a2c39e90264f33305004495a9","hash":"e3561dd6bd2f109dd2e5e9e81f8a3f34f22c5f98"}
,"/home/irfiyanda/Documents/api-manajemen-karyawan/src/application/domain/employeeReview.domain.js": {"path":"/home/irfiyanda/Documents/api-manajemen-karyawan/src/application/domain/employeeReview.domain.js","statementMap":{"0":{"start":{"line":1,"column":15},"end":{"line":1,"column":53}},"1":{"start":{"line":4,"column":4},"end":{"line":12,"column":5}},"2":{"start":{"line":5,"column":21},"end":{"line":5,"column":42}},"3":{"start":{"line":6,"column":8},"end":{"line":6,"column":72}},"4":{"start":{"line":8,"column":8},"end":{"line":11,"column":9}},"5":{"start":{"line":16,"column":4},"end":{"line":34,"column":5}},"6":{"start":{"line":17,"column":20},"end":{"line":17,"column":45}},"7":{"start":{"line":18,"column":8},"end":{"line":23,"column":9}},"8":{"start":{"line":19,"column":12},"end":{"line":22,"column":14}},"9":{"start":{"line":24,"column":8},"end":{"line":28,"column":10}},"10":{"start":{"line":30,"column":8},"end":{"line":33,"column":9}},"11":{"start":{"line":38,"column":4},"end":{"line":49,"column":5}},"12":{"start":{"line":39,"column":20},"end":{"line":39,"column":54}},"13":{"start":{"line":40,"column":8},"end":{"line":42,"column":9}},"14":{"start":{"line":41,"column":12},"end":{"line":41,"column":63}},"15":{"start":{"line":43,"column":8},"end":{"line":43,"column":68}},"16":{"start":{"line":45,"column":8},"end":{"line":48,"column":9}},"17":{"start":{"line":53,"column":4},"end":{"line":66,"column":5}},"18":{"start":{"line":54,"column":23},"end":{"line":54,"column":39}},"19":{"start":{"line":55,"column":20},"end":{"line":55,"column":52}},"20":{"start":{"line":56,"column":8},"end":{"line":60,"column":10}},"21":{"start":{"line":62,"column":8},"end":{"line":65,"column":10}},"22":{"start":{"line":70,"column":4},"end":{"line":85,"column":5}},"23":{"start":{"line":71,"column":18},"end":{"line":71,"column":73}},"24":{"start":{"line":72,"column":6},"end":{"line":74,"column":7}},"25":{"start":{"line":73,"column":8},"end":{"line":73,"column":59}},"26":{"start":{"line":75,"column":6},"end":{"line":79,"column":7}},"27":{"start":{"line":81,"column":6},"end":{"line":84,"column":7}},"28":{"start":{"line":88,"column":2},"end":{"line":94,"column":4}}},"fnMap":{"0":{"name":"fetchReview","decl":{"start":{"line":3,"column":15},"end":{"line":3,"column":26}},"loc":{"start":{"line":3,"column":29},"end":{"line":13,"column":1}},"line":3},"1":{"name":"getReview","decl":{"start":{"line":15,"column":15},"end":{"line":15,"column":24}},"loc":{"start":{"line":15,"column":29},"end":{"line":35,"column":1}},"line":15},"2":{"name":"destroyReview","decl":{"start":{"line":37,"column":15},"end":{"line":37,"column":28}},"loc":{"start":{"line":37,"column":32},"end":{"line":50,"column":1}},"line":37},"3":{"name":"addReview","decl":{"start":{"line":52,"column":15},"end":{"line":52,"column":24}},"loc":{"start":{"line":52,"column":30},"end":{"line":67,"column":1}},"line":52},"4":{"name":"updReview","decl":{"start":{"line":69,"column":15},"end":{"line":69,"column":24}},"loc":{"start":{"line":69,"column":34},"end":{"line":86,"column":3}},"line":69}},"branchMap":{"0":{"loc":{"start":{"line":18,"column":8},"end":{"line":23,"column":9}},"type":"if","locations":[{"start":{"line":18,"column":8},"end":{"line":23,"column":9}},{"start":{},"end":{}}],"line":18},"1":{"loc":{"start":{"line":40,"column":8},"end":{"line":42,"column":9}},"type":"if","locations":[{"start":{"line":40,"column":8},"end":{"line":42,"column":9}},{"start":{},"end":{}}],"line":40},"2":{"loc":{"start":{"line":72,"column":6},"end":{"line":74,"column":7}},"type":"if","locations":[{"start":{"line":72,"column":6},"end":{"line":74,"column":7}},{"start":{},"end":{}}],"line":72}},"s":{"0":1,"1":0,"2":0,"3":0,"4":0,"5":0,"6":0,"7":0,"8":0,"9":0,"10":0,"11":0,"12":0,"13":0,"14":0,"15":0,"16":0,"17":0,"18":0,"19":0,"20":0,"21":0,"22":0,"23":0,"24":0,"25":0,"26":0,"27":0,"28":1},"f":{"0":0,"1":0,"2":0,"3":0,"4":0},"b":{"0":[0,0],"1":[0,0],"2":[0,0]},"_coverageSchema":"1a1c01bbd47fc00a2c39e90264f33305004495a9","hash":"8245d8da02685ce981a2dbce772272a9a784bd17"}
,"/home/irfiyanda/Documents/api-manajemen-karyawan/src/application/domain/salary.domain.js": {"path":"/home/irfiyanda/Documents/api-manajemen-karyawan/src/application/domain/salary.domain.js","statementMap":{"0":{"start":{"line":1,"column":15},"end":{"line":1,"column":45}},"1":{"start":{"line":2,"column":13},"end":{"line":2,"column":41}},"2":{"start":{"line":3,"column":19},"end":{"line":3,"column":40}},"3":{"start":{"line":4,"column":0},"end":{"line":4,"column":26}},"4":{"start":{"line":6,"column":14},"end":{"line":6,"column":31}},"5":{"start":{"line":7,"column":17},"end":{"line":7,"column":37}},"6":{"start":{"line":9,"column":25},"end":{"line":15,"column":2}},"7":{"start":{"line":18,"column":2},"end":{"line":30,"column":3}},"8":{"start":{"line":19,"column":16},"end":{"line":19,"column":35}},"9":{"start":{"line":20,"column":4},"end":{"line":24,"column":5}},"10":{"start":{"line":26,"column":4},"end":{"line":29,"column":5}},"11":{"start":{"line":34,"column":2},"end":{"line":49,"column":3}},"12":{"start":{"line":35,"column":16},"end":{"line":35,"column":41}},"13":{"start":{"line":36,"column":4},"end":{"line":41,"column":5}},"14":{"start":{"line":37,"column":6},"end":{"line":40,"column":7}},"15":{"start":{"line":42,"column":4},"end":{"line":46,"column":5}},"16":{"start":{"line":48,"column":4},"end":{"line":48,"column":50}},"17":{"start":{"line":53,"column":2},"end":{"line":101,"column":3}},"18":{"start":{"line":54,"column":19},"end":{"line":54,"column":35}},"19":{"start":{"line":55,"column":17},"end":{"line":55,"column":54}},"20":{"start":{"line":56,"column":22},"end":{"line":56,"column":32}},"21":{"start":{"line":57,"column":16},"end":{"line":57,"column":48}},"22":{"start":{"line":58,"column":24},"end":{"line":81,"column":5}},"23":{"start":{"line":82,"column":4},"end":{"line":90,"column":5}},"24":{"start":{"line":83,"column":6},"end":{"line":89,"column":8}},"25":{"start":{"line":84,"column":8},"end":{"line":88,"column":9}},"26":{"start":{"line":85,"column":10},"end":{"line":85,"column":20}},"27":{"start":{"line":87,"column":10},"end":{"line":87,"column":65}},"28":{"start":{"line":91,"column":4},"end":{"line":95,"column":5}},"29":{"start":{"line":97,"column":4},"end":{"line":100,"column":5}},"30":{"start":{"line":105,"column":2},"end":{"line":122,"column":3}},"31":{"start":{"line":106,"column":16},"end":{"line":106,"column":50}},"32":{"start":{"line":107,"column":4},"end":{"line":112,"column":5}},"33":{"start":{"line":108,"column":6},"end":{"line":111,"column":8}},"34":{"start":{"line":113,"column":4},"end":{"line":116,"column":5}},"35":{"start":{"line":118,"column":4},"end":{"line":121,"column":6}},"36":{"start":{"line":126,"column":2},"end":{"line":148,"column":3}},"37":{"start":{"line":127,"column":16},"end":{"line":131,"column":5}},"38":{"start":{"line":132,"column":4},"end":{"line":138,"column":5}},"39":{"start":{"line":133,"column":6},"end":{"line":137,"column":7}},"40":{"start":{"line":139,"column":4},"end":{"line":142,"column":5}},"41":{"start":{"line":144,"column":4},"end":{"line":147,"column":6}},"42":{"start":{"line":150,"column":0},"end":{"line":156,"column":1}}},"fnMap":{"0":{"name":"fetchSalary","decl":{"start":{"line":17,"column":15},"end":{"line":17,"column":26}},"loc":{"start":{"line":17,"column":29},"end":{"line":31,"column":1}},"line":17},"1":{"name":"getSalary","decl":{"start":{"line":33,"column":15},"end":{"line":33,"column":24}},"loc":{"start":{"line":33,"column":29},"end":{"line":50,"column":1}},"line":33},"2":{"name":"addSalary","decl":{"start":{"line":52,"column":15},"end":{"line":52,"column":24}},"loc":{"start":{"line":52,"column":31},"end":{"line":102,"column":1}},"line":52},"3":{"name":"(anonymous_3)","decl":{"start":{"line":83,"column":45},"end":{"line":83,"column":46}},"loc":{"start":{"line":83,"column":64},"end":{"line":89,"column":7}},"line":83},"4":{"name":"deleteSalary","decl":{"start":{"line":104,"column":15},"end":{"line":104,"column":27}},"loc":{"start":{"line":104,"column":32},"end":{"line":123,"column":1}},"line":104},"5":{"name":"updateSalary","decl":{"start":{"line":125,"column":15},"end":{"line":125,"column":27}},"loc":{"start":{"line":125,"column":38},"end":{"line":149,"column":1}},"line":125}},"branchMap":{"0":{"loc":{"start":{"line":36,"column":4},"end":{"line":41,"column":5}},"type":"if","locations":[{"start":{"line":36,"column":4},"end":{"line":41,"column":5}},{"start":{},"end":{}}],"line":36},"1":{"loc":{"start":{"line":82,"column":4},"end":{"line":90,"column":5}},"type":"if","locations":[{"start":{"line":82,"column":4},"end":{"line":90,"column":5}},{"start":{},"end":{}}],"line":82},"2":{"loc":{"start":{"line":84,"column":8},"end":{"line":88,"column":9}},"type":"if","locations":[{"start":{"line":84,"column":8},"end":{"line":88,"column":9}},{"start":{"line":86,"column":15},"end":{"line":88,"column":9}}],"line":84},"3":{"loc":{"start":{"line":107,"column":4},"end":{"line":112,"column":5}},"type":"if","locations":[{"start":{"line":107,"column":4},"end":{"line":112,"column":5}},{"start":{},"end":{}}],"line":107},"4":{"loc":{"start":{"line":132,"column":4},"end":{"line":138,"column":5}},"type":"if","locations":[{"start":{"line":132,"column":4},"end":{"line":138,"column":5}},{"start":{},"end":{}}],"line":132}},"s":{"0":1,"1":1,"2":1,"3":1,"4":1,"5":1,"6":1,"7":0,"8":0,"9":0,"10":0,"11":0,"12":0,"13":0,"14":0,"15":0,"16":0,"17":0,"18":0,"19":0,"20":0,"21":0,"22":0,"23":0,"24":0,"25":0,"26":0,"27":0,"28":0,"29":0,"30":0,"31":0,"32":0,"33":0,"34":0,"35":0,"36":0,"37":0,"38":0,"39":0,"40":0,"41":0,"42":1},"f":{"0":0,"1":0,"2":0,"3":0,"4":0,"5":0},"b":{"0":[0,0],"1":[0,0],"2":[0,0],"3":[0,0],"4":[0,0]},"_coverageSchema":"1a1c01bbd47fc00a2c39e90264f33305004495a9","hash":"ec8f88827fd481ee070c1a8b81332638cb035496"}
,"/home/irfiyanda/Documents/api-manajemen-karyawan/src/application/domain/user.domain.js": {"path":"/home/irfiyanda/Documents/api-manajemen-karyawan/src/application/domain/user.domain.js","statementMap":{"0":{"start":{"line":1,"column":13},"end":{"line":1,"column":41}},"1":{"start":{"line":4,"column":2},"end":{"line":12,"column":3}},"2":{"start":{"line":5,"column":17},"end":{"line":5,"column":36}},"3":{"start":{"line":6,"column":4},"end":{"line":6,"column":67}},"4":{"start":{"line":8,"column":4},"end":{"line":11,"column":5}},"5":{"start":{"line":16,"column":2},"end":{"line":34,"column":3}},"6":{"start":{"line":17,"column":16},"end":{"line":17,"column":39}},"7":{"start":{"line":18,"column":4},"end":{"line":23,"column":5}},"8":{"start":{"line":19,"column":6},"end":{"line":22,"column":10}},"9":{"start":{"line":24,"column":4},"end":{"line":28,"column":6}},"10":{"start":{"line":30,"column":4},"end":{"line":33,"column":5}},"11":{"start":{"line":38,"column":2},"end":{"line":49,"column":3}},"12":{"start":{"line":39,"column":16},"end":{"line":39,"column":48}},"13":{"start":{"line":40,"column":4},"end":{"line":42,"column":5}},"14":{"start":{"line":41,"column":6},"end":{"line":41,"column":56}},"15":{"start":{"line":43,"column":4},"end":{"line":43,"column":63}},"16":{"start":{"line":45,"column":4},"end":{"line":48,"column":5}},"17":{"start":{"line":53,"column":2},"end":{"line":66,"column":3}},"18":{"start":{"line":54,"column":17},"end":{"line":54,"column":31}},"19":{"start":{"line":55,"column":16},"end":{"line":55,"column":46}},"20":{"start":{"line":56,"column":4},"end":{"line":60,"column":6}},"21":{"start":{"line":62,"column":4},"end":{"line":65,"column":6}},"22":{"start":{"line":70,"column":4},"end":{"line":99,"column":7}},"23":{"start":{"line":71,"column":8},"end":{"line":92,"column":9}},"24":{"start":{"line":72,"column":26},"end":{"line":84,"column":11}},"25":{"start":{"line":85,"column":22},"end":{"line":85,"column":78}},"26":{"start":{"line":87,"column":10},"end":{"line":91,"column":12}},"27":{"start":{"line":93,"column":8},"end":{"line":96,"column":10}},"28":{"start":{"line":98,"column":8},"end":{"line":98,"column":51}},"29":{"start":{"line":102,"column":0},"end":{"line":108,"column":2}}},"fnMap":{"0":{"name":"fetchUser","decl":{"start":{"line":3,"column":15},"end":{"line":3,"column":24}},"loc":{"start":{"line":3,"column":27},"end":{"line":13,"column":1}},"line":3},"1":{"name":"getUser","decl":{"start":{"line":15,"column":15},"end":{"line":15,"column":22}},"loc":{"start":{"line":15,"column":27},"end":{"line":35,"column":1}},"line":15},"2":{"name":"deleteUser","decl":{"start":{"line":37,"column":15},"end":{"line":37,"column":25}},"loc":{"start":{"line":37,"column":29},"end":{"line":50,"column":1}},"line":37},"3":{"name":"addUser","decl":{"start":{"line":52,"column":15},"end":{"line":52,"column":22}},"loc":{"start":{"line":52,"column":28},"end":{"line":67,"column":1}},"line":52},"4":{"name":"updateUser","decl":{"start":{"line":69,"column":15},"end":{"line":69,"column":25}},"loc":{"start":{"line":69,"column":43},"end":{"line":100,"column":1}},"line":69}},"branchMap":{"0":{"loc":{"start":{"line":18,"column":4},"end":{"line":23,"column":5}},"type":"if","locations":[{"start":{"line":18,"column":4},"end":{"line":23,"column":5}},{"start":{},"end":{}}],"line":18},"1":{"loc":{"start":{"line":40,"column":4},"end":{"line":42,"column":5}},"type":"if","locations":[{"start":{"line":40,"column":4},"end":{"line":42,"column":5}},{"start":{},"end":{}}],"line":40},"2":{"loc":{"start":{"line":71,"column":8},"end":{"line":92,"column":9}},"type":"if","locations":[{"start":{"line":71,"column":8},"end":{"line":92,"column":9}},{"start":{},"end":{}}],"line":71}},"s":{"0":2,"1":3,"2":3,"3":3,"4":0,"5":1,"6":1,"7":1,"8":0,"9":1,"10":0,"11":0,"12":0,"13":0,"14":0,"15":0,"16":0,"17":3,"18":3,"19":3,"20":2,"21":1,"22":0,"23":0,"24":0,"25":0,"26":0,"27":0,"28":0,"29":2},"f":{"0":3,"1":1,"2":0,"3":3,"4":0},"b":{"0":[0,1],"1":[0,0],"2":[0,0]},"_coverageSchema":"1a1c01bbd47fc00a2c39e90264f33305004495a9","hash":"9d884c42d3060f50218989056c838d277b1e2df5"}
,"/home/irfiyanda/Documents/api-manajemen-karyawan/src/application/domain/vacation.domain.js": {"path":"/home/irfiyanda/Documents/api-manajemen-karyawan/src/application/domain/vacation.domain.js","statementMap":{"0":{"start":{"line":1,"column":17},"end":{"line":1,"column":49}},"1":{"start":{"line":4,"column":4},"end":{"line":12,"column":5}},"2":{"start":{"line":5,"column":21},"end":{"line":5,"column":44}},"3":{"start":{"line":6,"column":8},"end":{"line":6,"column":74}},"4":{"start":{"line":8,"column":8},"end":{"line":11,"column":9}},"5":{"start":{"line":16,"column":4},"end":{"line":34,"column":5}},"6":{"start":{"line":17,"column":20},"end":{"line":17,"column":47}},"7":{"start":{"line":18,"column":8},"end":{"line":23,"column":9}},"8":{"start":{"line":19,"column":12},"end":{"line":22,"column":14}},"9":{"start":{"line":24,"column":8},"end":{"line":28,"column":10}},"10":{"start":{"line":30,"column":8},"end":{"line":33,"column":9}},"11":{"start":{"line":38,"column":4},"end":{"line":49,"column":5}},"12":{"start":{"line":39,"column":20},"end":{"line":39,"column":56}},"13":{"start":{"line":40,"column":8},"end":{"line":42,"column":9}},"14":{"start":{"line":41,"column":12},"end":{"line":41,"column":65}},"15":{"start":{"line":43,"column":8},"end":{"line":43,"column":70}},"16":{"start":{"line":45,"column":8},"end":{"line":48,"column":9}},"17":{"start":{"line":53,"column":2},"end":{"line":98,"column":3}},"18":{"start":{"line":54,"column":24},"end":{"line":54,"column":48}},"19":{"start":{"line":55,"column":24},"end":{"line":55,"column":51}},"20":{"start":{"line":56,"column":22},"end":{"line":56,"column":51}},"21":{"start":{"line":58,"column":30},"end":{"line":61,"column":6}},"22":{"start":{"line":63,"column":26},"end":{"line":65,"column":9}},"23":{"start":{"line":64,"column":6},"end":{"line":64,"column":39}},"24":{"start":{"line":67,"column":26},"end":{"line":67,"column":44}},"25":{"start":{"line":69,"column":4},"end":{"line":74,"column":5}},"26":{"start":{"line":70,"column":6},"end":{"line":73,"column":8}},"27":{"start":{"line":76,"column":4},"end":{"line":81,"column":5}},"28":{"start":{"line":77,"column":6},"end":{"line":80,"column":8}},"29":{"start":{"line":83,"column":21},"end":{"line":83,"column":39}},"30":{"start":{"line":84,"column":0},"end":{"line":84,"column":51}},"31":{"start":{"line":85,"column":12},"end":{"line":85,"column":33}},"32":{"start":{"line":88,"column":4},"end":{"line":92,"column":6}},"33":{"start":{"line":94,"column":4},"end":{"line":97,"column":6}},"34":{"start":{"line":102,"column":8},"end":{"line":163,"column":9}},"35":{"start":{"line":103,"column":30},"end":{"line":103,"column":54}},"36":{"start":{"line":104,"column":30},"end":{"line":104,"column":57}},"37":{"start":{"line":105,"column":28},"end":{"line":105,"column":57}},"38":{"start":{"line":107,"column":36},"end":{"line":110,"column":12}},"39":{"start":{"line":112,"column":32},"end":{"line":114,"column":15}},"40":{"start":{"line":113,"column":12},"end":{"line":113,"column":45}},"41":{"start":{"line":116,"column":32},"end":{"line":116,"column":50}},"42":{"start":{"line":118,"column":33},"end":{"line":118,"column":60}},"43":{"start":{"line":120,"column":10},"end":{"line":125,"column":11}},"44":{"start":{"line":121,"column":12},"end":{"line":124,"column":14}},"45":{"start":{"line":127,"column":34},"end":{"line":127,"column":73}},"46":{"start":{"line":129,"column":10},"end":{"line":134,"column":11}},"47":{"start":{"line":130,"column":12},"end":{"line":133,"column":14}},"48":{"start":{"line":136,"column":10},"end":{"line":141,"column":11}},"49":{"start":{"line":137,"column":12},"end":{"line":140,"column":14}},"50":{"start":{"line":143,"column":10},"end":{"line":143,"column":54}},"51":{"start":{"line":144,"column":10},"end":{"line":144,"column":50}},"52":{"start":{"line":145,"column":10},"end":{"line":145,"column":56}},"53":{"start":{"line":146,"column":10},"end":{"line":146,"column":46}},"54":{"start":{"line":147,"column":10},"end":{"line":147,"column":42}},"55":{"start":{"line":148,"column":10},"end":{"line":148,"column":50}},"56":{"start":{"line":149,"column":10},"end":{"line":149,"column":69}},"57":{"start":{"line":151,"column":29},"end":{"line":151,"column":56}},"58":{"start":{"line":153,"column":10},"end":{"line":157,"column":12}},"59":{"start":{"line":159,"column":10},"end":{"line":162,"column":12}},"60":{"start":{"line":166,"column":2},"end":{"line":172,"column":4}}},"fnMap":{"0":{"name":"fetchVacation","decl":{"start":{"line":3,"column":15},"end":{"line":3,"column":28}},"loc":{"start":{"line":3,"column":31},"end":{"line":13,"column":1}},"line":3},"1":{"name":"getVacation","decl":{"start":{"line":15,"column":15},"end":{"line":15,"column":26}},"loc":{"start":{"line":15,"column":31},"end":{"line":35,"column":1}},"line":15},"2":{"name":"destroyVacation","decl":{"start":{"line":37,"column":15},"end":{"line":37,"column":30}},"loc":{"start":{"line":37,"column":34},"end":{"line":50,"column":1}},"line":37},"3":{"name":"addVacation","decl":{"start":{"line":52,"column":15},"end":{"line":52,"column":26}},"loc":{"start":{"line":52,"column":33},"end":{"line":99,"column":1}},"line":52},"4":{"name":"(anonymous_4)","decl":{"start":{"line":63,"column":51},"end":{"line":63,"column":52}},"loc":{"start":{"line":63,"column":72},"end":{"line":65,"column":5}},"line":63},"5":{"name":"updVacation","decl":{"start":{"line":101,"column":15},"end":{"line":101,"column":26}},"loc":{"start":{"line":101,"column":36},"end":{"line":164,"column":7}},"line":101},"6":{"name":"(anonymous_6)","decl":{"start":{"line":112,"column":57},"end":{"line":112,"column":58}},"loc":{"start":{"line":112,"column":78},"end":{"line":114,"column":11}},"line":112}},"branchMap":{"0":{"loc":{"start":{"line":18,"column":8},"end":{"line":23,"column":9}},"type":"if","locations":[{"start":{"line":18,"column":8},"end":{"line":23,"column":9}},{"start":{},"end":{}}],"line":18},"1":{"loc":{"start":{"line":40,"column":8},"end":{"line":42,"column":9}},"type":"if","locations":[{"start":{"line":40,"column":8},"end":{"line":42,"column":9}},{"start":{},"end":{}}],"line":40},"2":{"loc":{"start":{"line":69,"column":4},"end":{"line":74,"column":5}},"type":"if","locations":[{"start":{"line":69,"column":4},"end":{"line":74,"column":5}},{"start":{},"end":{}}],"line":69},"3":{"loc":{"start":{"line":76,"column":4},"end":{"line":81,"column":5}},"type":"if","locations":[{"start":{"line":76,"column":4},"end":{"line":81,"column":5}},{"start":{},"end":{}}],"line":76},"4":{"loc":{"start":{"line":120,"column":10},"end":{"line":125,"column":11}},"type":"if","locations":[{"start":{"line":120,"column":10},"end":{"line":125,"column":11}},{"start":{},"end":{}}],"line":120},"5":{"loc":{"start":{"line":129,"column":10},"end":{"line":134,"column":11}},"type":"if","locations":[{"start":{"line":129,"column":10},"end":{"line":134,"column":11}},{"start":{},"end":{}}],"line":129},"6":{"loc":{"start":{"line":136,"column":10},"end":{"line":141,"column":11}},"type":"if","locations":[{"start":{"line":136,"column":10},"end":{"line":141,"column":11}},{"start":{},"end":{}}],"line":136}},"s":{"0":1,"1":0,"2":0,"3":0,"4":0,"5":0,"6":0,"7":0,"8":0,"9":0,"10":0,"11":0,"12":0,"13":0,"14":0,"15":0,"16":0,"17":0,"18":0,"19":0,"20":0,"21":0,"22":0,"23":0,"24":0,"25":0,"26":0,"27":0,"28":0,"29":0,"30":0,"31":0,"32":0,"33":0,"34":0,"35":0,"36":0,"37":0,"38":0,"39":0,"40":0,"41":0,"42":0,"43":0,"44":0,"45":0,"46":0,"47":0,"48":0,"49":0,"50":0,"51":0,"52":0,"53":0,"54":0,"55":0,"56":0,"57":0,"58":0,"59":0,"60":1},"f":{"0":0,"1":0,"2":0,"3":0,"4":0,"5":0,"6":0},"b":{"0":[0,0],"1":[0,0],"2":[0,0],"3":[0,0],"4":[0,0],"5":[0,0],"6":[0,0]},"_coverageSchema":"1a1c01bbd47fc00a2c39e90264f33305004495a9","hash":"78aba74a9f5e5339bfbf433e2ae74b3ee055590d"}
,"/home/irfiyanda/Documents/api-manajemen-karyawan/src/application/middleware/auth.js": {"path":"/home/irfiyanda/Documents/api-manajemen-karyawan/src/application/middleware/auth.js","statementMap":{"0":{"start":{"line":1,"column":12},"end":{"line":1,"column":35}},"1":{"start":{"line":2,"column":0},"end":{"line":2,"column":27}},"2":{"start":{"line":4,"column":18},"end":{"line":4,"column":40}},"3":{"start":{"line":6,"column":0},"end":{"line":24,"column":1}},"4":{"start":{"line":7,"column":8},"end":{"line":23,"column":5}},"5":{"start":{"line":8,"column":22},"end":{"line":8,"column":48}},"6":{"start":{"line":10,"column":8},"end":{"line":13,"column":9}},"7":{"start":{"line":11,"column":12},"end":{"line":12,"column":79}},"8":{"start":{"line":14,"column":8},"end":{"line":22,"column":9}},"9":{"start":{"line":15,"column":28},"end":{"line":15,"column":56}},"10":{"start":{"line":16,"column":12},"end":{"line":16,"column":36}},"11":{"start":{"line":18,"column":12},"end":{"line":18,"column":18}},"12":{"start":{"line":20,"column":12},"end":{"line":21,"column":54}}},"fnMap":{"0":{"name":"(anonymous_0)","decl":{"start":{"line":6,"column":17},"end":{"line":6,"column":18}},"loc":{"start":{"line":6,"column":23},"end":{"line":24,"column":1}},"line":6},"1":{"name":"(anonymous_1)","decl":{"start":{"line":7,"column":14},"end":{"line":7,"column":15}},"loc":{"start":{"line":7,"column":34},"end":{"line":23,"column":5}},"line":7}},"branchMap":{"0":{"loc":{"start":{"line":10,"column":8},"end":{"line":13,"column":9}},"type":"if","locations":[{"start":{"line":10,"column":8},"end":{"line":13,"column":9}},{"start":{},"end":{}}],"line":10}},"s":{"0":1,"1":1,"2":1,"3":1,"4":6,"5":8,"6":8,"7":2,"8":6,"9":6,"10":4,"11":4,"12":2},"f":{"0":6,"1":8},"b":{"0":[2,6]},"_coverageSchema":"1a1c01bbd47fc00a2c39e90264f33305004495a9","hash":"becdf55c73780f984c6e934940ab9dc422e16974"}
,"/home/irfiyanda/Documents/api-manajemen-karyawan/src/application/middleware/checkRole.js": {"path":"/home/irfiyanda/Documents/api-manajemen-karyawan/src/application/middleware/checkRole.js","statementMap":{"0":{"start":{"line":1,"column":0},"end":{"line":8,"column":1}},"1":{"start":{"line":2,"column":4},"end":{"line":7,"column":5}},"2":{"start":{"line":3,"column":8},"end":{"line":5,"column":9}},"3":{"start":{"line":4,"column":12},"end":{"line":4,"column":25}},"4":{"start":{"line":6,"column":8},"end":{"line":6,"column":94}}},"fnMap":{"0":{"name":"(anonymous_0)","decl":{"start":{"line":1,"column":17},"end":{"line":1,"column":18}},"loc":{"start":{"line":1,"column":28},"end":{"line":8,"column":1}},"line":1},"1":{"name":"(anonymous_1)","decl":{"start":{"line":2,"column":11},"end":{"line":2,"column":12}},"loc":{"start":{"line":2,"column":37},"end":{"line":7,"column":5}},"line":2}},"branchMap":{"0":{"loc":{"start":{"line":3,"column":8},"end":{"line":5,"column":9}},"type":"if","locations":[{"start":{"line":3,"column":8},"end":{"line":5,"column":9}},{"start":{},"end":{}}],"line":3}},"s":{"0":1,"1":17,"2":2,"3":1,"4":1},"f":{"0":17,"1":2},"b":{"0":[1,1]},"_coverageSchema":"1a1c01bbd47fc00a2c39e90264f33305004495a9","hash":"1a05fa1a0c8edad71bac32d84c32cd5fac0a6dc4"}
,"/home/irfiyanda/Documents/api-manajemen-karyawan/src/models/Attendance.js": {"path":"/home/irfiyanda/Documents/api-manajemen-karyawan/src/models/Attendance.js","statementMap":{"0":{"start":{"line":1,"column":17},"end":{"line":1,"column":36}},"1":{"start":{"line":2,"column":15},"end":{"line":2,"column":32}},"2":{"start":{"line":4,"column":25},"end":{"line":32,"column":2}},"3":{"start":{"line":13,"column":24},"end":{"line":13,"column":58}},"4":{"start":{"line":14,"column":24},"end":{"line":14,"column":60}},"5":{"start":{"line":19,"column":24},"end":{"line":19,"column":55}},"6":{"start":{"line":20,"column":24},"end":{"line":20,"column":57}},"7":{"start":{"line":24,"column":24},"end":{"line":24,"column":55}},"8":{"start":{"line":25,"column":24},"end":{"line":25,"column":57}},"9":{"start":{"line":34,"column":19},"end":{"line":34,"column":65}},"10":{"start":{"line":35,"column":0},"end":{"line":35,"column":28}}},"fnMap":{"0":{"name":"(anonymous_0)","decl":{"start":{"line":13,"column":13},"end":{"line":13,"column":14}},"loc":{"start":{"line":13,"column":24},"end":{"line":13,"column":58}},"line":13},"1":{"name":"(anonymous_1)","decl":{"start":{"line":14,"column":13},"end":{"line":14,"column":14}},"loc":{"start":{"line":14,"column":24},"end":{"line":14,"column":60}},"line":14},"2":{"name":"(anonymous_2)","decl":{"start":{"line":19,"column":13},"end":{"line":19,"column":14}},"loc":{"start":{"line":19,"column":24},"end":{"line":19,"column":55}},"line":19},"3":{"name":"(anonymous_3)","decl":{"start":{"line":20,"column":13},"end":{"line":20,"column":14}},"loc":{"start":{"line":20,"column":24},"end":{"line":20,"column":57}},"line":20},"4":{"name":"(anonymous_4)","decl":{"start":{"line":24,"column":13},"end":{"line":24,"column":14}},"loc":{"start":{"line":24,"column":24},"end":{"line":24,"column":55}},"line":24},"5":{"name":"(anonymous_5)","decl":{"start":{"line":25,"column":13},"end":{"line":25,"column":14}},"loc":{"start":{"line":25,"column":24},"end":{"line":25,"column":57}},"line":25}},"branchMap":{},"s":{"0":1,"1":1,"2":1,"3":0,"4":0,"5":0,"6":0,"7":0,"8":0,"9":1,"10":1},"f":{"0":0,"1":0,"2":0,"3":0,"4":0,"5":0},"b":{},"_coverageSchema":"1a1c01bbd47fc00a2c39e90264f33305004495a9","hash":"475d85dd98000fbc4c52ca6b3287a6b5d16d1f2c"}
,"/home/irfiyanda/Documents/api-manajemen-karyawan/src/models/Division.js": {"path":"/home/irfiyanda/Documents/api-manajemen-karyawan/src/models/Division.js","statementMap":{"0":{"start":{"line":1,"column":17},"end":{"line":1,"column":36}},"1":{"start":{"line":3,"column":23},"end":{"line":30,"column":2}},"2":{"start":{"line":32,"column":17},"end":{"line":32,"column":59}},"3":{"start":{"line":34,"column":0},"end":{"line":34,"column":26}}},"fnMap":{},"branchMap":{},"s":{"0":1,"1":1,"2":1,"3":1},"f":{},"b":{},"_coverageSchema":"1a1c01bbd47fc00a2c39e90264f33305004495a9","hash":"5b8cd407f56765bb9a645497e4eadd27684d2fb4"}
,"/home/irfiyanda/Documents/api-manajemen-karyawan/src/models/EmployeeReview.js": {"path":"/home/irfiyanda/Documents/api-manajemen-karyawan/src/models/EmployeeReview.js","statementMap":{"0":{"start":{"line":1,"column":17},"end":{"line":1,"column":36}},"1":{"start":{"line":3,"column":21},"end":{"line":31,"column":2}},"2":{"start":{"line":33,"column":15},"end":{"line":33,"column":53}},"3":{"start":{"line":35,"column":0},"end":{"line":35,"column":24}}},"fnMap":{},"branchMap":{},"s":{"0":1,"1":1,"2":1,"3":1},"f":{},"b":{},"_coverageSchema":"1a1c01bbd47fc00a2c39e90264f33305004495a9","hash":"cdcc3e1821188877d0403a0a811680a4b350d4a0"}
,"/home/irfiyanda/Documents/api-manajemen-karyawan/src/models/Salary.js": {"path":"/home/irfiyanda/Documents/api-manajemen-karyawan/src/models/Salary.js","statementMap":{"0":{"start":{"line":1,"column":17},"end":{"line":1,"column":36}},"1":{"start":{"line":3,"column":21},"end":{"line":38,"column":2}},"2":{"start":{"line":40,"column":15},"end":{"line":40,"column":53}},"3":{"start":{"line":41,"column":0},"end":{"line":41,"column":24}}},"fnMap":{},"branchMap":{},"s":{"0":1,"1":1,"2":1,"3":1},"f":{},"b":{},"_coverageSchema":"1a1c01bbd47fc00a2c39e90264f33305004495a9","hash":"8a8801aef9a142208129ebb582a44cace85b7598"}
,"/home/irfiyanda/Documents/api-manajemen-karyawan/src/models/User.js": {"path":"/home/irfiyanda/Documents/api-manajemen-karyawan/src/models/User.js","statementMap":{"0":{"start":{"line":1,"column":17},"end":{"line":1,"column":36}},"1":{"start":{"line":3,"column":19},"end":{"line":47,"column":2}},"2":{"start":{"line":49,"column":13},"end":{"line":49,"column":47}},"3":{"start":{"line":51,"column":0},"end":{"line":51,"column":22}}},"fnMap":{},"branchMap":{},"s":{"0":2,"1":2,"2":2,"3":2},"f":{},"b":{},"_coverageSchema":"1a1c01bbd47fc00a2c39e90264f33305004495a9","hash":"547d57f118d49c70e75768820d66c2d4830117ad"}
,"/home/irfiyanda/Documents/api-manajemen-karyawan/src/models/Vacation.js": {"path":"/home/irfiyanda/Documents/api-manajemen-karyawan/src/models/Vacation.js","statementMap":{"0":{"start":{"line":1,"column":17},"end":{"line":1,"column":36}},"1":{"start":{"line":3,"column":23},"end":{"line":39,"column":2}},"2":{"start":{"line":41,"column":17},"end":{"line":41,"column":59}},"3":{"start":{"line":43,"column":0},"end":{"line":43,"column":26}}},"fnMap":{},"branchMap":{},"s":{"0":1,"1":1,"2":1,"3":1},"f":{},"b":{},"_coverageSchema":"1a1c01bbd47fc00a2c39e90264f33305004495a9","hash":"04e76b893a355625492f2bc0948ea2bf601304b1"}
,"/home/irfiyanda/Documents/api-manajemen-karyawan/src/routes/attendance-route.js": {"path":"/home/irfiyanda/Documents/api-manajemen-karyawan/src/routes/attendance-route.js","statementMap":{"0":{"start":{"line":1,"column":14},"end":{"line":1,"column":41}},"1":{"start":{"line":2,"column":29},"end":{"line":2,"column":88}},"2":{"start":{"line":3,"column":18},"end":{"line":3,"column":64}},"3":{"start":{"line":5,"column":0},"end":{"line":5,"column":69}},"4":{"start":{"line":6,"column":0},"end":{"line":6,"column":68}},"5":{"start":{"line":7,"column":0},"end":{"line":7,"column":77}},"6":{"start":{"line":8,"column":0},"end":{"line":8,"column":48}},"7":{"start":{"line":9,"column":0},"end":{"line":9,"column":55}},"8":{"start":{"line":10,"column":0},"end":{"line":10,"column":41}},"9":{"start":{"line":12,"column":0},"end":{"line":12,"column":22}}},"fnMap":{},"branchMap":{},"s":{"0":1,"1":1,"2":1,"3":1,"4":1,"5":1,"6":1,"7":1,"8":1,"9":1},"f":{},"b":{},"_coverageSchema":"1a1c01bbd47fc00a2c39e90264f33305004495a9","hash":"bf65c4d08dab23b20c57552ad6a902001471a3c8"}
,"/home/irfiyanda/Documents/api-manajemen-karyawan/src/routes/auth-route.js": {"path":"/home/irfiyanda/Documents/api-manajemen-karyawan/src/routes/auth-route.js","statementMap":{"0":{"start":{"line":1,"column":36},"end":{"line":1,"column":64}},"1":{"start":{"line":2,"column":15},"end":{"line":2,"column":42}},"2":{"start":{"line":3,"column":24},"end":{"line":3,"column":78}},"3":{"start":{"line":4,"column":25},"end":{"line":4,"column":80}},"4":{"start":{"line":6,"column":0},"end":{"line":9,"column":19}},"5":{"start":{"line":11,"column":0},"end":{"line":11,"column":40}},"6":{"start":{"line":13,"column":0},"end":{"line":13,"column":24}}},"fnMap":{},"branchMap":{},"s":{"0":1,"1":1,"2":1,"3":1,"4":1,"5":1,"6":1},"f":{},"b":{},"_coverageSchema":"1a1c01bbd47fc00a2c39e90264f33305004495a9","hash":"569ecd780913a226313cc2239d4721653146b5e6"}
,"/home/irfiyanda/Documents/api-manajemen-karyawan/src/routes/division-route.js": {"path":"/home/irfiyanda/Documents/api-manajemen-karyawan/src/routes/division-route.js","statementMap":{"0":{"start":{"line":1,"column":14},"end":{"line":1,"column":41}},"1":{"start":{"line":2,"column":27},"end":{"line":2,"column":84}},"2":{"start":{"line":3,"column":18},"end":{"line":3,"column":64}},"3":{"start":{"line":5,"column":0},"end":{"line":5,"column":61}},"4":{"start":{"line":6,"column":0},"end":{"line":6,"column":39}},"5":{"start":{"line":7,"column":0},"end":{"line":7,"column":46}},"6":{"start":{"line":8,"column":0},"end":{"line":8,"column":63}},"7":{"start":{"line":9,"column":0},"end":{"line":9,"column":67}},"8":{"start":{"line":11,"column":0},"end":{"line":11,"column":23}}},"fnMap":{},"branchMap":{},"s":{"0":1,"1":1,"2":1,"3":1,"4":1,"5":1,"6":1,"7":1,"8":1},"f":{},"b":{},"_coverageSchema":"1a1c01bbd47fc00a2c39e90264f33305004495a9","hash":"6016a062f2a60c0706225d54dc8b8925fac9e4a2"}
,"/home/irfiyanda/Documents/api-manajemen-karyawan/src/routes/employeeReview-route.js": {"path":"/home/irfiyanda/Documents/api-manajemen-karyawan/src/routes/employeeReview-route.js","statementMap":{"0":{"start":{"line":1,"column":14},"end":{"line":1,"column":41}},"1":{"start":{"line":2,"column":25},"end":{"line":2,"column":88}},"2":{"start":{"line":3,"column":18},"end":{"line":3,"column":64}},"3":{"start":{"line":5,"column":0},"end":{"line":5,"column":47}},"4":{"start":{"line":6,"column":0},"end":{"line":6,"column":50}},"5":{"start":{"line":7,"column":0},"end":{"line":7,"column":74}},"6":{"start":{"line":8,"column":0},"end":{"line":8,"column":76}},"7":{"start":{"line":9,"column":0},"end":{"line":9,"column":79}},"8":{"start":{"line":11,"column":0},"end":{"line":11,"column":23}}},"fnMap":{},"branchMap":{},"s":{"0":1,"1":1,"2":1,"3":1,"4":1,"5":1,"6":1,"7":1,"8":1},"f":{},"b":{},"_coverageSchema":"1a1c01bbd47fc00a2c39e90264f33305004495a9","hash":"4641e7f607d80b1c90bcf192f25a0b3067afd461"}
,"/home/irfiyanda/Documents/api-manajemen-karyawan/src/routes/salary-route.js": {"path":"/home/irfiyanda/Documents/api-manajemen-karyawan/src/routes/salary-route.js","statementMap":{"0":{"start":{"line":1,"column":14},"end":{"line":1,"column":41}},"1":{"start":{"line":2,"column":25},"end":{"line":2,"column":80}},"2":{"start":{"line":3,"column":18},"end":{"line":3,"column":64}},"3":{"start":{"line":5,"column":0},"end":{"line":5,"column":60}},"4":{"start":{"line":6,"column":0},"end":{"line":6,"column":37}},"5":{"start":{"line":7,"column":0},"end":{"line":7,"column":44}},"6":{"start":{"line":8,"column":0},"end":{"line":8,"column":61}},"7":{"start":{"line":9,"column":0},"end":{"line":9,"column":66}},"8":{"start":{"line":11,"column":0},"end":{"line":11,"column":23}}},"fnMap":{},"branchMap":{},"s":{"0":1,"1":1,"2":1,"3":1,"4":1,"5":1,"6":1,"7":1,"8":1},"f":{},"b":{},"_coverageSchema":"1a1c01bbd47fc00a2c39e90264f33305004495a9","hash":"7091c8f9707e1f024e93f342d045d3ddd32a7c57"}
,"/home/irfiyanda/Documents/api-manajemen-karyawan/src/routes/user-route.js": {"path":"/home/irfiyanda/Documents/api-manajemen-karyawan/src/routes/user-route.js","statementMap":{"0":{"start":{"line":1,"column":14},"end":{"line":1,"column":41}},"1":{"start":{"line":2,"column":23},"end":{"line":2,"column":76}},"2":{"start":{"line":3,"column":18},"end":{"line":3,"column":64}},"3":{"start":{"line":5,"column":0},"end":{"line":5,"column":38}},"4":{"start":{"line":6,"column":0},"end":{"line":6,"column":38}},"5":{"start":{"line":7,"column":0},"end":{"line":7,"column":58}},"6":{"start":{"line":8,"column":0},"end":{"line":8,"column":41}},"7":{"start":{"line":9,"column":0},"end":{"line":9,"column":64}},"8":{"start":{"line":11,"column":0},"end":{"line":11,"column":23}}},"fnMap":{},"branchMap":{},"s":{"0":1,"1":1,"2":1,"3":1,"4":1,"5":1,"6":1,"7":1,"8":1},"f":{},"b":{},"_coverageSchema":"1a1c01bbd47fc00a2c39e90264f33305004495a9","hash":"dfac969c5ec22bc01927902bc528dc40eeff2206"}
,"/home/irfiyanda/Documents/api-manajemen-karyawan/src/routes/vacation-route.js": {"path":"/home/irfiyanda/Documents/api-manajemen-karyawan/src/routes/vacation-route.js","statementMap":{"0":{"start":{"line":1,"column":14},"end":{"line":1,"column":41}},"1":{"start":{"line":2,"column":27},"end":{"line":2,"column":84}},"2":{"start":{"line":3,"column":18},"end":{"line":3,"column":64}},"3":{"start":{"line":5,"column":0},"end":{"line":5,"column":78}},"4":{"start":{"line":6,"column":0},"end":{"line":6,"column":51}},"5":{"start":{"line":7,"column":0},"end":{"line":7,"column":54}},"6":{"start":{"line":8,"column":0},"end":{"line":8,"column":79}},"7":{"start":{"line":9,"column":0},"end":{"line":9,"column":83}},"8":{"start":{"line":11,"column":0},"end":{"line":11,"column":23}}},"fnMap":{},"branchMap":{},"s":{"0":1,"1":1,"2":1,"3":1,"4":1,"5":1,"6":1,"7":1,"8":1},"f":{},"b":{},"_coverageSchema":"1a1c01bbd47fc00a2c39e90264f33305004495a9","hash":"e2dbdb3cd6d5b9642391210b0094d42da707702d"}
,"/home/irfiyanda/Documents/api-manajemen-karyawan/tests/app.js": {"path":"/home/irfiyanda/Documents/api-manajemen-karyawan/tests/app.js","statementMap":{"0":{"start":{"line":1,"column":19},"end":{"line":1,"column":39}},"1":{"start":{"line":3,"column":12},"end":{"line":3,"column":20}},"2":{"start":{"line":4,"column":0},"end":{"line":6,"column":1}}},"fnMap":{},"branchMap":{},"s":{"0":1,"1":1,"2":1},"f":{},"b":{},"_coverageSchema":"1a1c01bbd47fc00a2c39e90264f33305004495a9","hash":"87111f22be917698b7783830e12145634b1dfc5c"}
,"/home/irfiyanda/Documents/api-manajemen-karyawan/tests/fixtures/users.js": {"path":"/home/irfiyanda/Documents/api-manajemen-karyawan/tests/fixtures/users.js","statementMap":{"0":{"start":{"line":1,"column":13},"end":{"line":1,"column":45}},"1":{"start":{"line":2,"column":15},"end":{"line":2,"column":34}},"2":{"start":{"line":4,"column":16},"end":{"line":16,"column":1}},"3":{"start":{"line":18,"column":14},"end":{"line":75,"column":1}},"4":{"start":{"line":78,"column":2},"end":{"line":78,"column":31}},"5":{"start":{"line":82,"column":13},"end":{"line":92,"column":4}},"6":{"start":{"line":93,"column":15},"end":{"line":93,"column":39}},"7":{"start":{"line":94,"column":2},"end":{"line":94,"column":53}},"8":{"start":{"line":95,"column":2},"end":{"line":95,"column":12}},"9":{"start":{"line":99,"column":19},"end":{"line":109,"column":4}},"10":{"start":{"line":110,"column":15},"end":{"line":110,"column":39}},"11":{"start":{"line":111,"column":2},"end":{"line":111,"column":65}},"12":{"start":{"line":112,"column":2},"end":{"line":112,"column":18}},"13":{"start":{"line":116,"column":21},"end":{"line":126,"column":4}},"14":{"start":{"line":127,"column":15},"end":{"line":127,"column":39}},"15":{"start":{"line":128,"column":2},"end":{"line":128,"column":69}},"16":{"start":{"line":129,"column":2},"end":{"line":129,"column":20}},"17":{"start":{"line":133,"column":2},"end":{"line":133,"column":28}},"18":{"start":{"line":136,"column":0},"end":{"line":144,"column":2}}},"fnMap":{"0":{"name":"insertManyUsers","decl":{"start":{"line":77,"column":15},"end":{"line":77,"column":30}},"loc":{"start":{"line":77,"column":33},"end":{"line":79,"column":1}},"line":77},"1":{"name":"insertHrUser","decl":{"start":{"line":81,"column":15},"end":{"line":81,"column":27}},"loc":{"start":{"line":81,"column":30},"end":{"line":96,"column":1}},"line":81},"2":{"name":"insertEmployeeUser","decl":{"start":{"line":98,"column":15},"end":{"line":98,"column":33}},"loc":{"start":{"line":98,"column":36},"end":{"line":113,"column":1}},"line":98},"3":{"name":"insertSupervisorUser","decl":{"start":{"line":115,"column":15},"end":{"line":115,"column":35}},"loc":{"start":{"line":115,"column":38},"end":{"line":130,"column":1}},"line":115},"4":{"name":"deleteManyUsers","decl":{"start":{"line":132,"column":15},"end":{"line":132,"column":30}},"loc":{"start":{"line":132,"column":33},"end":{"line":134,"column":1}},"line":132}},"branchMap":{},"s":{"0":2,"1":2,"2":2,"3":2,"4":0,"5":1,"6":1,"7":1,"8":1,"9":1,"10":1,"11":1,"12":1,"13":1,"14":1,"15":1,"16":1,"17":1,"18":2},"f":{"0":0,"1":1,"2":1,"3":1,"4":1},"b":{},"_coverageSchema":"1a1c01bbd47fc00a2c39e90264f33305004495a9","hash":"76554c3575c2c1e41c247874a33eee5c1af9fc42"}
}
