TN:
SF:server.js
FN:19,server
FN:33,(anonymous_1)
FN:36,(anonymous_2)
FNF:3
FNH:2
FNDA:1,server
FNDA:1,(anonymous_1)
FNDA:0,(anonymous_2)
DA:1,1
DA:2,1
DA:3,1
DA:4,1
DA:5,1
DA:6,1
DA:7,1
DA:8,1
DA:9,1
DA:10,1
DA:11,1
DA:12,1
DA:13,1
DA:14,1
DA:15,1
DA:16,1
DA:20,1
DA:21,1
DA:26,1
DA:27,1
DA:28,1
DA:29,1
DA:30,1
DA:32,1
DA:34,1
DA:37,0
DA:40,1
DA:44,1
DA:45,1
DA:46,1
DA:47,1
DA:48,1
DA:49,1
DA:50,1
DA:51,1
DA:52,1
DA:55,1
LF:37
LH:36
BRF:0
BRH:0
end_of_record
TN:
SF:src/application/controllers/attendance-controller.js
FN:6,(anonymous_0)
FN:19,(anonymous_1)
FN:25,(anonymous_2)
FN:31,(anonymous_3)
FN:36,(anonymous_4)
FN:42,(anonymous_5)
FNF:6
FNH:0
FNDA:0,(anonymous_0)
FNDA:0,(anonymous_1)
FNDA:0,(anonymous_2)
FNDA:0,(anonymous_3)
FNDA:0,(anonymous_4)
FNDA:0,(anonymous_5)
DA:1,1
DA:2,1
DA:3,1
DA:4,1
DA:6,1
DA:7,0
DA:9,0
DA:15,0
DA:16,0
DA:19,1
DA:20,0
DA:21,0
DA:22,0
DA:25,1
DA:26,0
DA:27,0
DA:28,0
DA:31,1
DA:32,0
DA:33,0
DA:36,1
DA:37,0
DA:38,0
DA:39,0
DA:42,1
DA:43,0
DA:44,0
DA:45,0
DA:47,1
LF:29
LH:11
BRF:0
BRH:0
end_of_record
TN:
SF:src/application/controllers/division-controller.js
FN:10,(anonymous_0)
FN:31,(anonymous_1)
FN:53,(anonymous_2)
FN:60,(anonymous_3)
FN:65,(anonymous_4)
FNF:5
FNH:0
FNDA:0,(anonymous_0)
FNDA:0,(anonymous_1)
FNDA:0,(anonymous_2)
FNDA:0,(anonymous_3)
FNDA:0,(anonymous_4)
DA:1,1
DA:8,1
DA:10,1
DA:18,0
DA:19,0
DA:27,0
DA:28,0
DA:31,1
DA:32,0
DA:40,0
DA:41,0
DA:49,0
DA:50,0
DA:53,1
DA:54,0
DA:56,0
DA:57,0
DA:60,1
DA:61,0
DA:62,0
DA:65,1
DA:66,0
DA:68,0
DA:69,0
DA:72,1
LF:25
LH:8
BRF:0
BRH:0
end_of_record
TN:
SF:src/application/controllers/employeeReview-controller.js
FN:10,(anonymous_0)
FN:31,(anonymous_1)
FN:53,(anonymous_2)
FN:60,(anonymous_3)
FN:65,(anonymous_4)
FNF:5
FNH:0
FNDA:0,(anonymous_0)
FNDA:0,(anonymous_1)
FNDA:0,(anonymous_2)
FNDA:0,(anonymous_3)
FNDA:0,(anonymous_4)
DA:1,1
DA:8,1
DA:10,1
DA:18,0
DA:19,0
DA:27,0
DA:28,0
DA:31,1
DA:32,0
DA:40,0
DA:41,0
DA:49,0
DA:50,0
DA:53,1
DA:54,0
DA:56,0
DA:57,0
DA:60,1
DA:61,0
DA:62,0
DA:65,1
DA:66,0
DA:68,0
DA:69,0
DA:72,1
LF:25
LH:8
BRF:0
BRH:0
end_of_record
TN:
SF:src/application/controllers/login-controller.js
FN:10,(anonymous_0)
FN:40,(anonymous_1)
FNF:2
FNH:2
FNDA:3,(anonymous_0)
FNDA:3,(anonymous_1)
DA:1,1
DA:2,1
DA:3,1
DA:4,1
DA:5,1
DA:6,1
DA:8,1
DA:10,1
DA:11,3
DA:12,3
DA:13,0
DA:17,3
DA:19,3
DA:20,3
DA:21,3
DA:22,0
DA:24,3
DA:26,3
DA:27,0
DA:30,3
DA:36,3
DA:41,3
DA:42,3
DA:46,0
DA:47,0
LF:25
LH:20
BRDA:12,0,0,0
BRDA:12,0,1,3
BRDA:21,1,0,0
BRDA:21,1,1,3
BRDA:26,2,0,0
BRDA:26,2,1,3
BRDA:41,3,0,0
BRDA:41,3,1,3
BRF:8
BRH:4
end_of_record
TN:
SF:src/application/controllers/logout-controller.js
FN:6,(anonymous_0)
FNF:1
FNH:0
FNDA:0,(anonymous_0)
DA:1,1
DA:2,1
DA:4,1
DA:6,1
DA:7,0
DA:9,0
DA:10,0
DA:13,0
DA:14,0
DA:15,0
DA:16,0
DA:17,0
DA:19,0
DA:21,0
LF:14
LH:4
BRDA:9,0,0,0
BRDA:9,0,1,0
BRF:2
BRH:0
end_of_record
TN:
SF:src/application/controllers/salary-controller.js
FN:6,(anonymous_0)
FN:31,(anonymous_1)
FN:57,(anonymous_2)
FN:63,(anonymous_3)
FN:68,(anonymous_4)
FNF:5
FNH:0
FNDA:0,(anonymous_0)
FNDA:0,(anonymous_1)
FNDA:0,(anonymous_2)
FNDA:0,(anonymous_3)
FNDA:0,(anonymous_4)
DA:1,1
DA:2,1
DA:3,1
DA:4,1
DA:6,1
DA:16,0
DA:17,0
DA:27,0
DA:28,0
DA:31,1
DA:32,0
DA:42,0
DA:43,0
DA:53,0
DA:54,0
DA:57,1
DA:58,0
DA:59,0
DA:60,0
DA:63,1
DA:64,0
DA:65,0
DA:68,1
DA:69,0
DA:70,0
DA:71,0
DA:74,1
LF:27
LH:10
BRF:0
BRH:0
end_of_record
TN:
SF:src/application/controllers/user-controller.js
FN:6,(anonymous_0)
FN:37,(anonymous_1)
FN:42,(anonymous_2)
FN:48,(anonymous_3)
FN:81,(anonymous_4)
FNF:5
FNH:2
FNDA:1,(anonymous_0)
FNDA:2,(anonymous_1)
FNDA:0,(anonymous_2)
FNDA:0,(anonymous_3)
FNDA:0,(anonymous_4)
DA:1,1
DA:2,1
DA:3,1
DA:4,1
DA:6,1
DA:19,1
DA:20,1
DA:33,1
DA:34,1
DA:37,1
DA:38,2
DA:39,2
DA:42,1
DA:43,0
DA:44,0
DA:45,0
DA:48,1
DA:49,0
DA:50,0
DA:51,0
DA:63,0
DA:64,0
DA:77,0
DA:78,0
DA:81,1
DA:82,0
DA:83,0
DA:84,0
DA:87,1
LF:29
LH:16
BRF:0
BRH:0
end_of_record
TN:
SF:src/application/controllers/vacation-controller.js
FN:10,(anonymous_0)
FN:35,(anonymous_1)
FN:61,(anonymous_2)
FN:68,(anonymous_3)
FN:73,(anonymous_4)
FNF:5
FNH:0
FNDA:0,(anonymous_0)
FNDA:0,(anonymous_1)
FNDA:0,(anonymous_2)
FNDA:0,(anonymous_3)
FNDA:0,(anonymous_4)
DA:1,1
DA:8,1
DA:10,1
DA:20,0
DA:21,0
DA:31,0
DA:32,0
DA:35,1
DA:36,0
DA:46,0
DA:47,0
DA:57,0
DA:58,0
DA:61,1
DA:62,0
DA:64,0
DA:65,0
DA:68,1
DA:69,0
DA:70,0
DA:73,1
DA:74,0
DA:76,0
DA:77,0
DA:80,1
LF:25
LH:8
BRF:0
BRH:0
end_of_record
TN:
SF:src/application/domain/attendance.domain.js
FN:4,fetchAttendance
FN:20,getAttendance
FN:36,getAttendanceByUser
FN:52,addAttendance
FN:77,updateAttendance
FN:105,deleteAttendance
FNF:6
FNH:0
FNDA:0,fetchAttendance
FNDA:0,getAttendance
FNDA:0,getAttendanceByUser
FNDA:0,addAttendance
FNDA:0,updateAttendance
FNDA:0,deleteAttendance
DA:1,1
DA:2,1
DA:5,0
DA:6,0
DA:7,0
DA:13,0
DA:21,0
DA:22,0
DA:23,0
DA:29,0
DA:37,0
DA:38,0
DA:39,0
DA:45,0
DA:53,0
DA:54,0
DA:55,0
DA:56,0
DA:57,0
DA:58,0
DA:59,0
DA:65,0
DA:70,0
DA:78,0
DA:79,0
DA:80,0
DA:81,0
DA:82,0
DA:88,0
DA:93,0
DA:98,0
DA:106,0
DA:107,0
DA:108,0
DA:109,0
DA:114,0
DA:115,0
DA:120,0
DA:127,1
LF:39
LH:3
BRDA:56,0,0,0
BRDA:56,0,1,0
BRDA:81,1,0,0
BRDA:81,1,1,0
BRDA:108,2,0,0
BRDA:108,2,1,0
BRF:6
BRH:0
end_of_record
TN:
SF:src/application/domain/divison.domain.js
FN:3,fetchDivision
FN:15,getDivision
FN:37,deleteDivision
FN:52,addDivision
FN:69,updateDivision
FNF:5
FNH:0
FNDA:0,fetchDivision
FNDA:0,getDivision
FNDA:0,deleteDivision
FNDA:0,addDivision
FNDA:0,updateDivision
DA:1,1
DA:4,0
DA:5,0
DA:6,0
DA:8,0
DA:16,0
DA:17,0
DA:18,0
DA:19,0
DA:24,0
DA:30,0
DA:38,0
DA:39,0
DA:40,0
DA:41,0
DA:43,0
DA:45,0
DA:53,0
DA:54,0
DA:55,0
DA:56,0
DA:62,0
DA:70,0
DA:71,0
DA:72,0
DA:73,0
DA:75,0
DA:81,0
DA:88,1
LF:29
LH:2
BRDA:18,0,0,0
BRDA:18,0,1,0
BRDA:40,1,0,0
BRDA:40,1,1,0
BRDA:72,2,0,0
BRDA:72,2,1,0
BRF:6
BRH:0
end_of_record
TN:
SF:src/application/domain/employeeReview.domain.js
FN:3,fetchReview
FN:15,getReview
FN:37,destroyReview
FN:52,addReview
FN:69,updReview
FNF:5
FNH:0
FNDA:0,fetchReview
FNDA:0,getReview
FNDA:0,destroyReview
FNDA:0,addReview
FNDA:0,updReview
DA:1,1
DA:4,0
DA:5,0
DA:6,0
DA:8,0
DA:16,0
DA:17,0
DA:18,0
DA:19,0
DA:24,0
DA:30,0
DA:38,0
DA:39,0
DA:40,0
DA:41,0
DA:43,0
DA:45,0
DA:53,0
DA:54,0
DA:55,0
DA:56,0
DA:62,0
DA:70,0
DA:71,0
DA:72,0
DA:73,0
DA:75,0
DA:81,0
DA:88,1
LF:29
LH:2
BRDA:18,0,0,0
BRDA:18,0,1,0
BRDA:40,1,0,0
BRDA:40,1,1,0
BRDA:72,2,0,0
BRDA:72,2,1,0
BRF:6
BRH:0
end_of_record
TN:
SF:src/application/domain/salary.domain.js
FN:17,fetchSalary
FN:33,getSalary
FN:52,addSalary
FN:83,(anonymous_3)
FN:104,deleteSalary
FN:125,updateSalary
FNF:6
FNH:0
FNDA:0,fetchSalary
FNDA:0,getSalary
FNDA:0,addSalary
FNDA:0,(anonymous_3)
FNDA:0,deleteSalary
FNDA:0,updateSalary
DA:1,1
DA:2,1
DA:3,1
DA:4,1
DA:6,1
DA:7,1
DA:9,1
DA:18,0
DA:19,0
DA:20,0
DA:26,0
DA:34,0
DA:35,0
DA:36,0
DA:37,0
DA:42,0
DA:48,0
DA:53,0
DA:54,0
DA:55,0
DA:56,0
DA:57,0
DA:58,0
DA:82,0
DA:83,0
DA:84,0
DA:85,0
DA:87,0
DA:91,0
DA:97,0
DA:105,0
DA:106,0
DA:107,0
DA:108,0
DA:113,0
DA:118,0
DA:126,0
DA:127,0
DA:132,0
DA:133,0
DA:139,0
DA:144,0
DA:150,1
LF:43
LH:8
BRDA:36,0,0,0
BRDA:36,0,1,0
BRDA:82,1,0,0
BRDA:82,1,1,0
BRDA:84,2,0,0
BRDA:84,2,1,0
BRDA:107,3,0,0
BRDA:107,3,1,0
BRDA:132,4,0,0
BRDA:132,4,1,0
BRF:10
BRH:0
end_of_record
TN:
SF:src/application/domain/user.domain.js
FN:3,fetchUser
FN:15,getUser
FN:37,deleteUser
FN:52,addUser
FN:69,updateUser
FNF:5
FNH:3
FNDA:3,fetchUser
FNDA:1,getUser
FNDA:0,deleteUser
FNDA:3,addUser
FNDA:0,updateUser
DA:1,2
DA:4,3
DA:5,3
DA:6,3
DA:8,0
DA:16,1
DA:17,1
DA:18,1
DA:19,0
DA:24,1
DA:30,0
DA:38,0
DA:39,0
DA:40,0
DA:41,0
DA:43,0
DA:45,0
DA:53,3
DA:54,3
DA:55,3
DA:56,2
DA:62,1
DA:70,0
DA:71,0
DA:72,0
DA:85,0
DA:87,0
DA:93,0
DA:98,0
DA:102,2
LF:30
LH:14
BRDA:18,0,0,0
BRDA:18,0,1,1
BRDA:40,1,0,0
BRDA:40,1,1,0
BRDA:71,2,0,0
BRDA:71,2,1,0
BRF:6
BRH:1
end_of_record
TN:
SF:src/application/domain/vacation.domain.js
FN:3,fetchVacation
FN:15,getVacation
FN:37,destroyVacation
FN:52,addVacation
FN:63,(anonymous_4)
FN:101,updVacation
FN:112,(anonymous_6)
FNF:7
FNH:0
FNDA:0,fetchVacation
FNDA:0,getVacation
FNDA:0,destroyVacation
FNDA:0,addVacation
FNDA:0,(anonymous_4)
FNDA:0,updVacation
FNDA:0,(anonymous_6)
DA:1,1
DA:4,0
DA:5,0
DA:6,0
DA:8,0
DA:16,0
DA:17,0
DA:18,0
DA:19,0
DA:24,0
DA:30,0
DA:38,0
DA:39,0
DA:40,0
DA:41,0
DA:43,0
DA:45,0
DA:53,0
DA:54,0
DA:55,0
DA:56,0
DA:58,0
DA:63,0
DA:64,0
DA:67,0
DA:69,0
DA:70,0
DA:76,0
DA:77,0
DA:83,0
DA:84,0
DA:85,0
DA:88,0
DA:94,0
DA:102,0
DA:103,0
DA:104,0
DA:105,0
DA:107,0
DA:112,0
DA:113,0
DA:116,0
DA:118,0
DA:120,0
DA:121,0
DA:127,0
DA:129,0
DA:130,0
DA:136,0
DA:137,0
DA:143,0
DA:144,0
DA:145,0
DA:146,0
DA:147,0
DA:148,0
DA:149,0
DA:151,0
DA:153,0
DA:159,0
DA:166,1
LF:61
LH:2
BRDA:18,0,0,0
BRDA:18,0,1,0
BRDA:40,1,0,0
BRDA:40,1,1,0
BRDA:69,2,0,0
BRDA:69,2,1,0
BRDA:76,3,0,0
BRDA:76,3,1,0
BRDA:120,4,0,0
BRDA:120,4,1,0
BRDA:129,5,0,0
BRDA:129,5,1,0
BRDA:136,6,0,0
BRDA:136,6,1,0
BRF:14
BRH:0
end_of_record
TN:
SF:src/application/middleware/auth.js
FN:6,(anonymous_0)
FN:7,(anonymous_1)
FNF:2
FNH:2
FNDA:6,(anonymous_0)
FNDA:8,(anonymous_1)
DA:1,1
DA:2,1
DA:4,1
DA:6,1
DA:7,6
DA:8,8
DA:10,8
DA:11,2
DA:14,6
DA:15,6
DA:16,4
DA:18,4
DA:20,2
LF:13
LH:13
BRDA:10,0,0,2
BRDA:10,0,1,6
BRF:2
BRH:2
end_of_record
TN:
SF:src/application/middleware/checkRole.js
FN:1,(anonymous_0)
FN:2,(anonymous_1)
FNF:2
FNH:2
FNDA:17,(anonymous_0)
FNDA:2,(anonymous_1)
DA:1,1
DA:2,17
DA:3,2
DA:4,1
DA:6,1
LF:5
LH:5
BRDA:3,0,0,1
BRDA:3,0,1,1
BRF:2
BRH:2
end_of_record
TN:
SF:src/models/Attendance.js
FN:13,(anonymous_0)
FN:14,(anonymous_1)
FN:19,(anonymous_2)
FN:20,(anonymous_3)
FN:24,(anonymous_4)
FN:25,(anonymous_5)
FNF:6
FNH:0
FNDA:0,(anonymous_0)
FNDA:0,(anonymous_1)
FNDA:0,(anonymous_2)
FNDA:0,(anonymous_3)
FNDA:0,(anonymous_4)
FNDA:0,(anonymous_5)
DA:1,1
DA:2,1
DA:4,1
DA:13,0
DA:14,0
DA:19,0
DA:20,0
DA:24,0
DA:25,0
DA:34,1
DA:35,1
LF:11
LH:5
BRF:0
BRH:0
end_of_record
TN:
SF:src/models/Division.js
FNF:0
FNH:0
DA:1,1
DA:3,1
DA:32,1
DA:34,1
LF:4
LH:4
BRF:0
BRH:0
end_of_record
TN:
SF:src/models/EmployeeReview.js
FNF:0
FNH:0
DA:1,1
DA:3,1
DA:33,1
DA:35,1
LF:4
LH:4
BRF:0
BRH:0
end_of_record
TN:
SF:src/models/Salary.js
FNF:0
FNH:0
DA:1,1
DA:3,1
DA:40,1
DA:41,1
LF:4
LH:4
BRF:0
BRH:0
end_of_record
TN:
SF:src/models/User.js
FNF:0
FNH:0
DA:1,2
DA:3,2
DA:49,2
DA:51,2
LF:4
LH:4
BRF:0
BRH:0
end_of_record
TN:
SF:src/models/Vacation.js
FNF:0
FNH:0
DA:1,1
DA:3,1
DA:41,1
DA:43,1
LF:4
LH:4
BRF:0
BRH:0
end_of_record
TN:
SF:src/routes/attendance-route.js
FNF:0
FNH:0
DA:1,1
DA:2,1
DA:3,1
DA:5,1
DA:6,1
DA:7,1
DA:8,1
DA:9,1
DA:10,1
DA:12,1
LF:10
LH:10
BRF:0
BRH:0
end_of_record
TN:
SF:src/routes/auth-route.js
FNF:0
FNH:0
DA:1,1
DA:2,1
DA:3,1
DA:4,1
DA:6,1
DA:11,1
DA:13,1
LF:7
LH:7
BRF:0
BRH:0
end_of_record
TN:
SF:src/routes/division-route.js
FNF:0
FNH:0
DA:1,1
DA:2,1
DA:3,1
DA:5,1
DA:6,1
DA:7,1
DA:8,1
DA:9,1
DA:11,1
LF:9
LH:9
BRF:0
BRH:0
end_of_record
TN:
SF:src/routes/employeeReview-route.js
FNF:0
FNH:0
DA:1,1
DA:2,1
DA:3,1
DA:5,1
DA:6,1
DA:7,1
DA:8,1
DA:9,1
DA:11,1
LF:9
LH:9
BRF:0
BRH:0
end_of_record
TN:
SF:src/routes/salary-route.js
FNF:0
FNH:0
DA:1,1
DA:2,1
DA:3,1
DA:5,1
DA:6,1
DA:7,1
DA:8,1
DA:9,1
DA:11,1
LF:9
LH:9
BRF:0
BRH:0
end_of_record
TN:
SF:src/routes/user-route.js
FNF:0
FNH:0
DA:1,1
DA:2,1
DA:3,1
DA:5,1
DA:6,1
DA:7,1
DA:8,1
DA:9,1
DA:11,1
LF:9
LH:9
BRF:0
BRH:0
end_of_record
TN:
SF:src/routes/vacation-route.js
FNF:0
FNH:0
DA:1,1
DA:2,1
DA:3,1
DA:5,1
DA:6,1
DA:7,1
DA:8,1
DA:9,1
DA:11,1
LF:9
LH:9
BRF:0
BRH:0
end_of_record
TN:
SF:tests/app.js
FNF:0
FNH:0
DA:1,1
DA:3,1
DA:4,1
LF:3
LH:3
BRF:0
BRH:0
end_of_record
TN:
SF:tests/fixtures/users.js
FN:77,insertManyUsers
FN:81,insertHrUser
FN:98,insertEmployeeUser
FN:115,insertSupervisorUser
FN:132,deleteManyUsers
FNF:5
FNH:4
FNDA:0,insertManyUsers
FNDA:1,insertHrUser
FNDA:1,insertEmployeeUser
FNDA:1,insertSupervisorUser
FNDA:1,deleteManyUsers
DA:1,2
DA:2,2
DA:4,2
DA:18,2
DA:78,0
DA:82,1
DA:93,1
DA:94,1
DA:95,1
DA:99,1
DA:110,1
DA:111,1
DA:112,1
DA:116,1
DA:127,1
DA:128,1
DA:129,1
DA:133,1
DA:136,2
LF:19
LH:18
BRF:0
BRH:0
end_of_record
